{"/Users/josephlio1/Desktop/HackReactor/Course/Frontend-Capstone/Project-Catwalk/config.js": {"path":"/Users/josephlio1/Desktop/HackReactor/Course/Frontend-Capstone/Project-Catwalk/config.js","statementMap":{"0":{"start":{"line":2,"column":16},"end":{"line":2,"column":58}},"1":{"start":{"line":3,"column":16},"end":{"line":3,"column":42}}},"fnMap":{},"branchMap":{},"s":{"0":1,"1":1},"f":{},"b":{},"_coverageSchema":"1a1c01bbd47fc00a2c39e90264f33305004495a9","hash":"1292ac8dabbb7e4c53845cfd1deba4759e88bcf6"}
,"/Users/josephlio1/Desktop/HackReactor/Course/Frontend-Capstone/Project-Catwalk/client/src/components/App.jsx": {"path":"/Users/josephlio1/Desktop/HackReactor/Course/Frontend-Capstone/Project-Catwalk/client/src/components/App.jsx","statementMap":{"0":{"start":{"line":10,"column":20},"end":{"line":17,"column":1}},"1":{"start":{"line":19,"column":33},"end":{"line":19,"column":59}},"2":{"start":{"line":20,"column":36},"end":{"line":20,"column":65}},"3":{"start":{"line":21,"column":34},"end":{"line":21,"column":61}},"4":{"start":{"line":22,"column":38},"end":{"line":22,"column":69}},"5":{"start":{"line":26,"column":4},"end":{"line":26,"column":17}},"6":{"start":{"line":27,"column":4},"end":{"line":29,"column":6}},"7":{"start":{"line":34,"column":4},"end":{"line":45,"column":6}}},"fnMap":{"0":{"name":"(anonymous_0)","decl":{"start":{"line":25,"column":2},"end":{"line":25,"column":3}},"loc":{"start":{"line":25,"column":21},"end":{"line":30,"column":3}},"line":25},"1":{"name":"(anonymous_1)","decl":{"start":{"line":32,"column":2},"end":{"line":32,"column":3}},"loc":{"start":{"line":32,"column":11},"end":{"line":46,"column":3}},"line":32}},"branchMap":{},"s":{"0":1,"1":1,"2":1,"3":1,"4":1,"5":5,"6":5,"7":5},"f":{"0":5,"1":5},"b":{},"_coverageSchema":"1a1c01bbd47fc00a2c39e90264f33305004495a9","hash":"fd01cb5affa5c9b79573cd3c8daeebf6504336dd"}
,"/Users/josephlio1/Desktop/HackReactor/Course/Frontend-Capstone/Project-Catwalk/client/src/components/Interactions/interactions.jsx": {"path":"/Users/josephlio1/Desktop/HackReactor/Course/Frontend-Capstone/Project-Catwalk/client/src/components/Interactions/interactions.jsx","statementMap":{"0":{"start":{"line":5,"column":2},"end":{"line":25,"column":4}},"1":{"start":{"line":6,"column":40},"end":{"line":6,"column":51}},"2":{"start":{"line":8,"column":29},"end":{"line":17,"column":5}},"3":{"start":{"line":9,"column":6},"end":{"line":9,"column":22}},"4":{"start":{"line":12,"column":24},"end":{"line":12,"column":48}},"5":{"start":{"line":14,"column":6},"end":{"line":16,"column":42}},"6":{"start":{"line":15,"column":20},"end":{"line":15,"column":42}},"7":{"start":{"line":16,"column":24},"end":{"line":16,"column":40}},"8":{"start":{"line":19,"column":4},"end":{"line":24,"column":6}},"9":{"start":{"line":21,"column":32},"end":{"line":21,"column":55}}},"fnMap":{"0":{"name":"withTracking","decl":{"start":{"line":4,"column":9},"end":{"line":4,"column":21}},"loc":{"start":{"line":4,"column":40},"end":{"line":26,"column":1}},"line":4},"1":{"name":"(anonymous_1)","decl":{"start":{"line":5,"column":9},"end":{"line":5,"column":10}},"loc":{"start":{"line":5,"column":20},"end":{"line":25,"column":3}},"line":5},"2":{"name":"(anonymous_2)","decl":{"start":{"line":8,"column":29},"end":{"line":8,"column":30}},"loc":{"start":{"line":8,"column":40},"end":{"line":17,"column":5}},"line":8},"3":{"name":"(anonymous_3)","decl":{"start":{"line":15,"column":14},"end":{"line":15,"column":15}},"loc":{"start":{"line":15,"column":20},"end":{"line":15,"column":42}},"line":15},"4":{"name":"(anonymous_4)","decl":{"start":{"line":16,"column":15},"end":{"line":16,"column":16}},"loc":{"start":{"line":16,"column":24},"end":{"line":16,"column":40}},"line":16},"5":{"name":"(anonymous_5)","decl":{"start":{"line":21,"column":21},"end":{"line":21,"column":22}},"loc":{"start":{"line":21,"column":32},"end":{"line":21,"column":55}},"line":21}},"branchMap":{},"s":{"0":4,"1":0,"2":0,"3":0,"4":0,"5":0,"6":0,"7":0,"8":0,"9":0},"f":{"0":4,"1":0,"2":0,"3":0,"4":0,"5":0},"b":{},"_coverageSchema":"1a1c01bbd47fc00a2c39e90264f33305004495a9","hash":"8cf9a705afd2f61e712a0ea8c2f6c421003a7c68"}
,"/Users/josephlio1/Desktop/HackReactor/Course/Frontend-Capstone/Project-Catwalk/client/src/components/RatingsAndReviews/AddReview.jsx": {"path":"/Users/josephlio1/Desktop/HackReactor/Course/Frontend-Capstone/Project-Catwalk/client/src/components/RatingsAndReviews/AddReview.jsx","statementMap":{"0":{"start":{"line":8,"column":20},"end":{"line":12,"column":1}},"1":{"start":{"line":14,"column":21},"end":{"line":31,"column":1}},"2":{"start":{"line":33,"column":17},"end":{"line":40,"column":1}},"3":{"start":{"line":42,"column":18},"end":{"line":44,"column":1}},"4":{"start":{"line":46,"column":16},"end":{"line":53,"column":1}},"5":{"start":{"line":55,"column":18},"end":{"line":91,"column":1}},"6":{"start":{"line":56,"column":42},"end":{"line":56,"column":57}},"7":{"start":{"line":57,"column":30},"end":{"line":57,"column":42}},"8":{"start":{"line":59,"column":2},"end":{"line":90,"column":4}},"9":{"start":{"line":61,"column":43},"end":{"line":61,"column":64}},"10":{"start":{"line":65,"column":30},"end":{"line":65,"column":52}},"11":{"start":{"line":82,"column":35},"end":{"line":82,"column":64}}},"fnMap":{"0":{"name":"(anonymous_0)","decl":{"start":{"line":55,"column":18},"end":{"line":55,"column":19}},"loc":{"start":{"line":55,"column":24},"end":{"line":91,"column":1}},"line":55},"1":{"name":"(anonymous_1)","decl":{"start":{"line":61,"column":37},"end":{"line":61,"column":38}},"loc":{"start":{"line":61,"column":43},"end":{"line":61,"column":64}},"line":61},"2":{"name":"(anonymous_2)","decl":{"start":{"line":65,"column":24},"end":{"line":65,"column":25}},"loc":{"start":{"line":65,"column":30},"end":{"line":65,"column":52}},"line":65},"3":{"name":"(anonymous_3)","decl":{"start":{"line":82,"column":24},"end":{"line":82,"column":25}},"loc":{"start":{"line":82,"column":35},"end":{"line":82,"column":64}},"line":82}},"branchMap":{},"s":{"0":1,"1":1,"2":1,"3":1,"4":1,"5":1,"6":11,"7":11,"8":11,"9":1,"10":0,"11":0},"f":{"0":11,"1":1,"2":0,"3":0},"b":{},"_coverageSchema":"1a1c01bbd47fc00a2c39e90264f33305004495a9","hash":"a917ea8cbee0872e264676e2806729bc0ca79190"}
,"/Users/josephlio1/Desktop/HackReactor/Course/Frontend-Capstone/Project-Catwalk/client/src/components/RatingsAndReviews/IconStar.jsx": {"path":"/Users/josephlio1/Desktop/HackReactor/Course/Frontend-Capstone/Project-Catwalk/client/src/components/RatingsAndReviews/IconStar.jsx","statementMap":{"0":{"start":{"line":4,"column":10},"end":{"line":4,"column":12}},"1":{"start":{"line":6,"column":0},"end":{"line":9,"column":2}},"2":{"start":{"line":11,"column":0},"end":{"line":15,"column":2}},"3":{"start":{"line":18,"column":2},"end":{"line":30,"column":4}}},"fnMap":{"0":{"name":"IconStar","decl":{"start":{"line":17,"column":9},"end":{"line":17,"column":17}},"loc":{"start":{"line":17,"column":25},"end":{"line":31,"column":1}},"line":17}},"branchMap":{},"s":{"0":1,"1":1,"2":1,"3":50},"f":{"0":50},"b":{},"_coverageSchema":"1a1c01bbd47fc00a2c39e90264f33305004495a9","hash":"96b7e42cc640873c40c78234e7f7521cb03ee902"}
,"/Users/josephlio1/Desktop/HackReactor/Course/Frontend-Capstone/Project-Catwalk/client/src/components/RatingsAndReviews/RatingsAndReviews.jsx": {"path":"/Users/josephlio1/Desktop/HackReactor/Course/Frontend-Capstone/Project-Catwalk/client/src/components/RatingsAndReviews/RatingsAndReviews.jsx","statementMap":{"0":{"start":{"line":10,"column":19},"end":{"line":14,"column":1}},"1":{"start":{"line":16,"column":12},"end":{"line":18,"column":1}},"2":{"start":{"line":20,"column":19},"end":{"line":26,"column":1}},"3":{"start":{"line":30,"column":36},"end":{"line":30,"column":47}},"4":{"start":{"line":32,"column":2},"end":{"line":51,"column":9}},"5":{"start":{"line":33,"column":24},"end":{"line":49,"column":5}},"6":{"start":{"line":34,"column":6},"end":{"line":48,"column":11}},"7":{"start":{"line":41,"column":28},"end":{"line":41,"column":37}},"8":{"start":{"line":42,"column":27},"end":{"line":42,"column":28}},"9":{"start":{"line":43,"column":10},"end":{"line":45,"column":13}},"10":{"start":{"line":44,"column":12},"end":{"line":44,"column":42}},"11":{"start":{"line":46,"column":10},"end":{"line":46,"column":30}},"12":{"start":{"line":47,"column":10},"end":{"line":47,"column":35}},"13":{"start":{"line":50,"column":4},"end":{"line":50,"column":18}},"14":{"start":{"line":53,"column":2},"end":{"line":64,"column":4}}},"fnMap":{"0":{"name":"RatingsAndReviews","decl":{"start":{"line":28,"column":9},"end":{"line":28,"column":26}},"loc":{"start":{"line":28,"column":42},"end":{"line":65,"column":1}},"line":28},"1":{"name":"(anonymous_1)","decl":{"start":{"line":32,"column":12},"end":{"line":32,"column":13}},"loc":{"start":{"line":32,"column":18},"end":{"line":51,"column":3}},"line":32},"2":{"name":"(anonymous_2)","decl":{"start":{"line":33,"column":24},"end":{"line":33,"column":25}},"loc":{"start":{"line":33,"column":36},"end":{"line":49,"column":5}},"line":33},"3":{"name":"(anonymous_3)","decl":{"start":{"line":40,"column":14},"end":{"line":40,"column":15}},"loc":{"start":{"line":40,"column":24},"end":{"line":48,"column":9}},"line":40},"4":{"name":"(anonymous_4)","decl":{"start":{"line":43,"column":32},"end":{"line":43,"column":33}},"loc":{"start":{"line":43,"column":44},"end":{"line":45,"column":11}},"line":43}},"branchMap":{},"s":{"0":1,"1":1,"2":1,"3":5,"4":5,"5":5,"6":5,"7":0,"8":0,"9":0,"10":0,"11":0,"12":0,"13":5,"14":5},"f":{"0":5,"1":5,"2":5,"3":0,"4":0},"b":{},"_coverageSchema":"1a1c01bbd47fc00a2c39e90264f33305004495a9","hash":"efeb04b04236ea035db2becd064768fb787b9161"}
,"/Users/josephlio1/Desktop/HackReactor/Course/Frontend-Capstone/Project-Catwalk/client/src/components/RatingsAndReviews/Reviews.jsx": {"path":"/Users/josephlio1/Desktop/HackReactor/Course/Frontend-Capstone/Project-Catwalk/client/src/components/RatingsAndReviews/Reviews.jsx","statementMap":{"0":{"start":{"line":7,"column":18},"end":{"line":12,"column":1}},"1":{"start":{"line":14,"column":22},"end":{"line":18,"column":1}},"2":{"start":{"line":20,"column":16},"end":{"line":54,"column":1}},"3":{"start":{"line":21,"column":2},"end":{"line":23,"column":3}},"4":{"start":{"line":22,"column":4},"end":{"line":22,"column":31}},"5":{"start":{"line":25,"column":2},"end":{"line":53,"column":4}},"6":{"start":{"line":29,"column":10},"end":{"line":49,"column":16}}},"fnMap":{"0":{"name":"(anonymous_0)","decl":{"start":{"line":20,"column":16},"end":{"line":20,"column":17}},"loc":{"start":{"line":20,"column":42},"end":{"line":54,"column":1}},"line":20},"1":{"name":"(anonymous_1)","decl":{"start":{"line":28,"column":21},"end":{"line":28,"column":22}},"loc":{"start":{"line":29,"column":10},"end":{"line":49,"column":16}},"line":29}},"branchMap":{"0":{"loc":{"start":{"line":21,"column":2},"end":{"line":23,"column":3}},"type":"if","locations":[{"start":{"line":21,"column":2},"end":{"line":23,"column":3}},{"start":{"line":21,"column":2},"end":{"line":23,"column":3}}],"line":21}},"s":{"0":1,"1":1,"2":1,"3":10,"4":5,"5":5,"6":0},"f":{"0":10,"1":0},"b":{"0":[5,5]},"_coverageSchema":"1a1c01bbd47fc00a2c39e90264f33305004495a9","hash":"777ecc06852e52949878b7e2f8d85abefa67da18"}
,"/Users/josephlio1/Desktop/HackReactor/Course/Frontend-Capstone/Project-Catwalk/client/src/components/RatingsAndReviews/ReviewsList.jsx": {"path":"/Users/josephlio1/Desktop/HackReactor/Course/Frontend-Capstone/Project-Catwalk/client/src/components/RatingsAndReviews/ReviewsList.jsx","statementMap":{"0":{"start":{"line":10,"column":19},"end":{"line":14,"column":1}},"1":{"start":{"line":16,"column":20},"end":{"line":64,"column":1}},"2":{"start":{"line":17,"column":32},"end":{"line":17,"column":44}},"3":{"start":{"line":18,"column":42},"end":{"line":18,"column":54}},"4":{"start":{"line":19,"column":32},"end":{"line":19,"column":47}},"5":{"start":{"line":20,"column":40},"end":{"line":20,"column":51}},"6":{"start":{"line":21,"column":28},"end":{"line":21,"column":39}},"7":{"start":{"line":22,"column":46},"end":{"line":22,"column":57}},"8":{"start":{"line":24,"column":2},"end":{"line":38,"column":9}},"9":{"start":{"line":25,"column":4},"end":{"line":25,"column":21}},"10":{"start":{"line":26,"column":4},"end":{"line":37,"column":9}},"11":{"start":{"line":31,"column":8},"end":{"line":31,"column":38}},"12":{"start":{"line":32,"column":8},"end":{"line":32,"column":69}},"13":{"start":{"line":33,"column":8},"end":{"line":33,"column":26}},"14":{"start":{"line":36,"column":8},"end":{"line":36,"column":18}},"15":{"start":{"line":41,"column":25},"end":{"line":43,"column":3}},"16":{"start":{"line":42,"column":4},"end":{"line":42,"column":42}},"17":{"start":{"line":51,"column":28},"end":{"line":51,"column":56}},"18":{"start":{"line":52,"column":29},"end":{"line":52,"column":63}},"19":{"start":{"line":53,"column":25},"end":{"line":53,"column":77}},"20":{"start":{"line":55,"column":2},"end":{"line":63,"column":4}}},"fnMap":{"0":{"name":"(anonymous_0)","decl":{"start":{"line":16,"column":20},"end":{"line":16,"column":21}},"loc":{"start":{"line":16,"column":39},"end":{"line":64,"column":1}},"line":16},"1":{"name":"(anonymous_1)","decl":{"start":{"line":24,"column":12},"end":{"line":24,"column":13}},"loc":{"start":{"line":24,"column":18},"end":{"line":38,"column":3}},"line":24},"2":{"name":"(anonymous_2)","decl":{"start":{"line":30,"column":12},"end":{"line":30,"column":13}},"loc":{"start":{"line":30,"column":22},"end":{"line":34,"column":7}},"line":30},"3":{"name":"(anonymous_3)","decl":{"start":{"line":35,"column":13},"end":{"line":35,"column":14}},"loc":{"start":{"line":35,"column":22},"end":{"line":37,"column":7}},"line":35},"4":{"name":"(anonymous_4)","decl":{"start":{"line":41,"column":25},"end":{"line":41,"column":26}},"loc":{"start":{"line":41,"column":31},"end":{"line":43,"column":3}},"line":41}},"branchMap":{},"s":{"0":1,"1":1,"2":10,"3":10,"4":10,"5":10,"6":10,"7":10,"8":10,"9":5,"10":5,"11":0,"12":0,"13":0,"14":0,"15":10,"16":0,"17":10,"18":10,"19":10,"20":10},"f":{"0":10,"1":5,"2":0,"3":0,"4":0},"b":{},"_coverageSchema":"1a1c01bbd47fc00a2c39e90264f33305004495a9","hash":"ff6ac5abc4a6832d7e1e62f27d62d1b65775da5f"}
,"/Users/josephlio1/Desktop/HackReactor/Course/Frontend-Capstone/Project-Catwalk/client/src/components/RatingsAndReviews/StarRating.jsx": {"path":"/Users/josephlio1/Desktop/HackReactor/Course/Frontend-Capstone/Project-Catwalk/client/src/components/RatingsAndReviews/StarRating.jsx","statementMap":{"0":{"start":{"line":5,"column":10},"end":{"line":5,"column":12}},"1":{"start":{"line":7,"column":0},"end":{"line":10,"column":2}},"2":{"start":{"line":12,"column":0},"end":{"line":16,"column":2}},"3":{"start":{"line":18,"column":0},"end":{"line":25,"column":2}},"4":{"start":{"line":23,"column":22},"end":{"line":23,"column":34}},"5":{"start":{"line":28,"column":15},"end":{"line":28,"column":16}},"6":{"start":{"line":31,"column":2},"end":{"line":33,"column":3}},"7":{"start":{"line":32,"column":4},"end":{"line":32,"column":85}},"8":{"start":{"line":35,"column":2},"end":{"line":54,"column":4}}},"fnMap":{"0":{"name":"(anonymous_0)","decl":{"start":{"line":23,"column":11},"end":{"line":23,"column":12}},"loc":{"start":{"line":23,"column":22},"end":{"line":23,"column":34}},"line":23},"1":{"name":"StarRating","decl":{"start":{"line":27,"column":9},"end":{"line":27,"column":19}},"loc":{"start":{"line":27,"column":27},"end":{"line":55,"column":1}},"line":27}},"branchMap":{"0":{"loc":{"start":{"line":31,"column":2},"end":{"line":33,"column":3}},"type":"if","locations":[{"start":{"line":31,"column":2},"end":{"line":33,"column":3}},{"start":{"line":31,"column":2},"end":{"line":33,"column":3}}],"line":31}},"s":{"0":1,"1":1,"2":1,"3":1,"4":5,"5":5,"6":5,"7":0,"8":5},"f":{"0":5,"1":5},"b":{"0":[0,5]},"_coverageSchema":"1a1c01bbd47fc00a2c39e90264f33305004495a9","hash":"8c5ad45af71a5ca12c87b9169a36ff022a7a3e55"}
,"/Users/josephlio1/Desktop/HackReactor/Course/Frontend-Capstone/Project-Catwalk/client/src/components/RelatedProducts/ProductCard.jsx": {"path":"/Users/josephlio1/Desktop/HackReactor/Course/Frontend-Capstone/Project-Catwalk/client/src/components/RelatedProducts/ProductCard.jsx","statementMap":{"0":{"start":{"line":3,"column":20},"end":{"line":7,"column":1}},"1":{"start":{"line":4,"column":2},"end":{"line":6,"column":3}}},"fnMap":{"0":{"name":"(anonymous_0)","decl":{"start":{"line":3,"column":20},"end":{"line":3,"column":21}},"loc":{"start":{"line":3,"column":26},"end":{"line":7,"column":1}},"line":3}},"branchMap":{},"s":{"0":1,"1":5},"f":{"0":5},"b":{},"_coverageSchema":"1a1c01bbd47fc00a2c39e90264f33305004495a9","hash":"ff41311c3da2b0299c6d440a7c5fa58167a8db40"}
,"/Users/josephlio1/Desktop/HackReactor/Course/Frontend-Capstone/Project-Catwalk/client/src/components/RelatedProducts/RelatedProducts.jsx": {"path":"/Users/josephlio1/Desktop/HackReactor/Course/Frontend-Capstone/Project-Catwalk/client/src/components/RelatedProducts/RelatedProducts.jsx","statementMap":{"0":{"start":{"line":6,"column":24},"end":{"line":54,"column":1}},"1":{"start":{"line":8,"column":48},"end":{"line":8,"column":60}},"2":{"start":{"line":9,"column":40},"end":{"line":9,"column":52}},"3":{"start":{"line":12,"column":2},"end":{"line":20,"column":10}},"4":{"start":{"line":13,"column":4},"end":{"line":19,"column":8}},"5":{"start":{"line":15,"column":8},"end":{"line":15,"column":42}},"6":{"start":{"line":18,"column":8},"end":{"line":18,"column":48}},"7":{"start":{"line":22,"column":22},"end":{"line":30,"column":5}},"8":{"start":{"line":23,"column":6},"end":{"line":29,"column":10}},"9":{"start":{"line":25,"column":10},"end":{"line":25,"column":40}},"10":{"start":{"line":28,"column":10},"end":{"line":28,"column":50}},"11":{"start":{"line":32,"column":4},"end":{"line":36,"column":25}},"12":{"start":{"line":33,"column":6},"end":{"line":35,"column":8}},"13":{"start":{"line":34,"column":8},"end":{"line":34,"column":26}},"14":{"start":{"line":38,"column":2},"end":{"line":52,"column":3}}},"fnMap":{"0":{"name":"(anonymous_0)","decl":{"start":{"line":6,"column":24},"end":{"line":6,"column":25}},"loc":{"start":{"line":6,"column":43},"end":{"line":54,"column":1}},"line":6},"1":{"name":"(anonymous_1)","decl":{"start":{"line":12,"column":12},"end":{"line":12,"column":13}},"loc":{"start":{"line":12,"column":18},"end":{"line":20,"column":5}},"line":12},"2":{"name":"(anonymous_2)","decl":{"start":{"line":14,"column":12},"end":{"line":14,"column":13}},"loc":{"start":{"line":14,"column":26},"end":{"line":16,"column":7}},"line":14},"3":{"name":"(anonymous_3)","decl":{"start":{"line":17,"column":13},"end":{"line":17,"column":14}},"loc":{"start":{"line":17,"column":22},"end":{"line":19,"column":7}},"line":17},"4":{"name":"(anonymous_4)","decl":{"start":{"line":22,"column":22},"end":{"line":22,"column":23}},"loc":{"start":{"line":22,"column":42},"end":{"line":30,"column":5}},"line":22},"5":{"name":"(anonymous_5)","decl":{"start":{"line":24,"column":14},"end":{"line":24,"column":15}},"loc":{"start":{"line":24,"column":27},"end":{"line":26,"column":9}},"line":24},"6":{"name":"(anonymous_6)","decl":{"start":{"line":27,"column":15},"end":{"line":27,"column":16}},"loc":{"start":{"line":27,"column":20},"end":{"line":29,"column":9}},"line":27},"7":{"name":"(anonymous_7)","decl":{"start":{"line":32,"column":14},"end":{"line":32,"column":15}},"loc":{"start":{"line":32,"column":20},"end":{"line":36,"column":5}},"line":32},"8":{"name":"(anonymous_8)","decl":{"start":{"line":33,"column":26},"end":{"line":33,"column":27}},"loc":{"start":{"line":33,"column":39},"end":{"line":35,"column":7}},"line":33}},"branchMap":{},"s":{"0":1,"1":5,"2":5,"3":5,"4":5,"5":0,"6":0,"7":5,"8":0,"9":0,"10":0,"11":5,"12":5,"13":0,"14":5},"f":{"0":5,"1":5,"2":0,"3":0,"4":0,"5":0,"6":0,"7":5,"8":0},"b":{},"_coverageSchema":"1a1c01bbd47fc00a2c39e90264f33305004495a9","hash":"16c8ef647b568a4a0b12c64e9f6270fca18245bd"}
,"/Users/josephlio1/Desktop/HackReactor/Course/Frontend-Capstone/Project-Catwalk/client/src/components/productDetail/ProductDetail.jsx": {"path":"/Users/josephlio1/Desktop/HackReactor/Course/Frontend-Capstone/Project-Catwalk/client/src/components/productDetail/ProductDetail.jsx","statementMap":{"0":{"start":{"line":8,"column":25},"end":{"line":17,"column":1}},"1":{"start":{"line":19,"column":12},"end":{"line":26,"column":1}},"2":{"start":{"line":28,"column":13},"end":{"line":35,"column":1}},"3":{"start":{"line":38,"column":2},"end":{"line":48,"column":4}},"4":{"start":{"line":51,"column":0},"end":{"line":53,"column":2}}},"fnMap":{"0":{"name":"ProductDetail","decl":{"start":{"line":37,"column":9},"end":{"line":37,"column":22}},"loc":{"start":{"line":37,"column":38},"end":{"line":49,"column":1}},"line":37}},"branchMap":{},"s":{"0":1,"1":1,"2":1,"3":5,"4":1},"f":{"0":5},"b":{},"_coverageSchema":"1a1c01bbd47fc00a2c39e90264f33305004495a9","hash":"39f4f86646336316096c9663c174a8fa30bdf003"}
,"/Users/josephlio1/Desktop/HackReactor/Course/Frontend-Capstone/Project-Catwalk/client/src/components/productDetail/Down/ProductDescription.jsx": {"path":"/Users/josephlio1/Desktop/HackReactor/Course/Frontend-Capstone/Project-Catwalk/client/src/components/productDetail/Down/ProductDescription.jsx","statementMap":{"0":{"start":{"line":7,"column":23},"end":{"line":11,"column":1}},"1":{"start":{"line":15,"column":34},"end":{"line":15,"column":49}},"2":{"start":{"line":16,"column":40},"end":{"line":16,"column":52}},"3":{"start":{"line":18,"column":2},"end":{"line":28,"column":9}},"4":{"start":{"line":19,"column":4},"end":{"line":19,"column":21}},"5":{"start":{"line":20,"column":4},"end":{"line":27,"column":9}},"6":{"start":{"line":22,"column":8},"end":{"line":22,"column":46}},"7":{"start":{"line":23,"column":8},"end":{"line":23,"column":26}},"8":{"start":{"line":26,"column":8},"end":{"line":26,"column":18}},"9":{"start":{"line":31,"column":2},"end":{"line":33,"column":3}},"10":{"start":{"line":32,"column":4},"end":{"line":32,"column":47}},"11":{"start":{"line":35,"column":2},"end":{"line":40,"column":4}}},"fnMap":{"0":{"name":"ProductDescription","decl":{"start":{"line":13,"column":9},"end":{"line":13,"column":27}},"loc":{"start":{"line":13,"column":43},"end":{"line":41,"column":1}},"line":13},"1":{"name":"(anonymous_1)","decl":{"start":{"line":18,"column":12},"end":{"line":18,"column":13}},"loc":{"start":{"line":18,"column":18},"end":{"line":28,"column":3}},"line":18},"2":{"name":"(anonymous_2)","decl":{"start":{"line":21,"column":12},"end":{"line":21,"column":13}},"loc":{"start":{"line":21,"column":22},"end":{"line":24,"column":7}},"line":21},"3":{"name":"(anonymous_3)","decl":{"start":{"line":25,"column":13},"end":{"line":25,"column":14}},"loc":{"start":{"line":25,"column":22},"end":{"line":27,"column":7}},"line":25}},"branchMap":{"0":{"loc":{"start":{"line":31,"column":2},"end":{"line":33,"column":3}},"type":"if","locations":[{"start":{"line":31,"column":2},"end":{"line":33,"column":3}},{"start":{"line":31,"column":2},"end":{"line":33,"column":3}}],"line":31}},"s":{"0":1,"1":10,"2":10,"3":10,"4":5,"5":5,"6":0,"7":0,"8":0,"9":10,"10":5,"11":10},"f":{"0":10,"1":5,"2":0,"3":0},"b":{"0":[5,5]},"_coverageSchema":"1a1c01bbd47fc00a2c39e90264f33305004495a9","hash":"3d3f4109a75a5ff5a6bc7d7bf961007cd0c4febe"}
,"/Users/josephlio1/Desktop/HackReactor/Course/Frontend-Capstone/Project-Catwalk/client/src/components/productDetail/Top/ImageSlider/Slider.jsx": {"path":"/Users/josephlio1/Desktop/HackReactor/Course/Frontend-Capstone/Project-Catwalk/client/src/components/productDetail/Top/ImageSlider/Slider.jsx","statementMap":{"0":{"start":{"line":9,"column":18},"end":{"line":18,"column":1}},"1":{"start":{"line":20,"column":19},"end":{"line":29,"column":1}},"2":{"start":{"line":31,"column":20},"end":{"line":39,"column":1}},"3":{"start":{"line":45,"column":34},"end":{"line":45,"column":44}},"4":{"start":{"line":46,"column":34},"end":{"line":46,"column":46}},"5":{"start":{"line":47,"column":20},"end":{"line":47,"column":31}},"6":{"start":{"line":49,"column":2},"end":{"line":59,"column":9}},"7":{"start":{"line":50,"column":4},"end":{"line":50,"column":21}},"8":{"start":{"line":51,"column":4},"end":{"line":58,"column":9}},"9":{"start":{"line":53,"column":8},"end":{"line":53,"column":42}},"10":{"start":{"line":54,"column":8},"end":{"line":54,"column":26}},"11":{"start":{"line":57,"column":8},"end":{"line":57,"column":18}},"12":{"start":{"line":61,"column":17},"end":{"line":67,"column":3}},"13":{"start":{"line":62,"column":4},"end":{"line":66,"column":5}},"14":{"start":{"line":63,"column":6},"end":{"line":63,"column":14}},"15":{"start":{"line":65,"column":6},"end":{"line":65,"column":20}},"16":{"start":{"line":69,"column":18},"end":{"line":75,"column":3}},"17":{"start":{"line":70,"column":4},"end":{"line":74,"column":5}},"18":{"start":{"line":71,"column":6},"end":{"line":71,"column":14}},"19":{"start":{"line":73,"column":6},"end":{"line":73,"column":20}},"20":{"start":{"line":77,"column":2},"end":{"line":98,"column":4}},"21":{"start":{"line":81,"column":26},"end":{"line":81,"column":32}},"22":{"start":{"line":82,"column":10},"end":{"line":90,"column":11}},"23":{"start":{"line":83,"column":12},"end":{"line":89,"column":15}},"24":{"start":{"line":84,"column":14},"end":{"line":88,"column":16}},"25":{"start":{"line":101,"column":0},"end":{"line":103,"column":2}}},"fnMap":{"0":{"name":"Slider","decl":{"start":{"line":41,"column":9},"end":{"line":41,"column":15}},"loc":{"start":{"line":41,"column":31},"end":{"line":99,"column":1}},"line":41},"1":{"name":"(anonymous_1)","decl":{"start":{"line":49,"column":12},"end":{"line":49,"column":13}},"loc":{"start":{"line":49,"column":18},"end":{"line":59,"column":3}},"line":49},"2":{"name":"(anonymous_2)","decl":{"start":{"line":52,"column":12},"end":{"line":52,"column":13}},"loc":{"start":{"line":52,"column":25},"end":{"line":55,"column":7}},"line":52},"3":{"name":"(anonymous_3)","decl":{"start":{"line":56,"column":13},"end":{"line":56,"column":14}},"loc":{"start":{"line":56,"column":22},"end":{"line":58,"column":7}},"line":56},"4":{"name":"(anonymous_4)","decl":{"start":{"line":61,"column":17},"end":{"line":61,"column":18}},"loc":{"start":{"line":61,"column":23},"end":{"line":67,"column":3}},"line":61},"5":{"name":"(anonymous_5)","decl":{"start":{"line":69,"column":18},"end":{"line":69,"column":19}},"loc":{"start":{"line":69,"column":24},"end":{"line":75,"column":3}},"line":69},"6":{"name":"(anonymous_6)","decl":{"start":{"line":80,"column":21},"end":{"line":80,"column":22}},"loc":{"start":{"line":80,"column":31},"end":{"line":91,"column":9}},"line":80},"7":{"name":"(anonymous_7)","decl":{"start":{"line":83,"column":35},"end":{"line":83,"column":36}},"loc":{"start":{"line":84,"column":14},"end":{"line":88,"column":16}},"line":84}},"branchMap":{"0":{"loc":{"start":{"line":62,"column":4},"end":{"line":66,"column":5}},"type":"if","locations":[{"start":{"line":62,"column":4},"end":{"line":66,"column":5}},{"start":{"line":62,"column":4},"end":{"line":66,"column":5}}],"line":62},"1":{"loc":{"start":{"line":70,"column":4},"end":{"line":74,"column":5}},"type":"if","locations":[{"start":{"line":70,"column":4},"end":{"line":74,"column":5}},{"start":{"line":70,"column":4},"end":{"line":74,"column":5}}],"line":70},"2":{"loc":{"start":{"line":82,"column":10},"end":{"line":90,"column":11}},"type":"if","locations":[{"start":{"line":82,"column":10},"end":{"line":90,"column":11}},{"start":{"line":82,"column":10},"end":{"line":90,"column":11}}],"line":82}},"s":{"0":1,"1":1,"2":1,"3":10,"4":10,"5":10,"6":10,"7":5,"8":5,"9":0,"10":0,"11":0,"12":10,"13":0,"14":0,"15":0,"16":10,"17":0,"18":0,"19":0,"20":10,"21":0,"22":0,"23":0,"24":0,"25":1},"f":{"0":10,"1":5,"2":0,"3":0,"4":0,"5":0,"6":0,"7":0},"b":{"0":[0,0],"1":[0,0],"2":[0,0]},"_coverageSchema":"1a1c01bbd47fc00a2c39e90264f33305004495a9","hash":"18b248a84aa6effa4c93fed5475272f92f972cc4"}
,"/Users/josephlio1/Desktop/HackReactor/Course/Frontend-Capstone/Project-Catwalk/client/src/components/productDetail/Top/ImageSlider/SliderContent.jsx": {"path":"/Users/josephlio1/Desktop/HackReactor/Course/Frontend-Capstone/Project-Catwalk/client/src/components/productDetail/Top/ImageSlider/SliderContent.jsx","statementMap":{"0":{"start":{"line":6,"column":17},"end":{"line":15,"column":1}},"1":{"start":{"line":18,"column":2},"end":{"line":20,"column":4}},"2":{"start":{"line":23,"column":0},"end":{"line":26,"column":2}}},"fnMap":{"0":{"name":"SliderContent","decl":{"start":{"line":17,"column":9},"end":{"line":17,"column":22}},"loc":{"start":{"line":17,"column":48},"end":{"line":21,"column":1}},"line":17}},"branchMap":{},"s":{"0":1,"1":0,"2":1},"f":{"0":0},"b":{},"_coverageSchema":"1a1c01bbd47fc00a2c39e90264f33305004495a9","hash":"b2dd996e00b1e6cc0bda1652268126a84a32e602"}
,"/Users/josephlio1/Desktop/HackReactor/Course/Frontend-Capstone/Project-Catwalk/client/src/components/productDetail/Top/ImageSlider/Thumbnails.jsx": {"path":"/Users/josephlio1/Desktop/HackReactor/Course/Frontend-Capstone/Project-Catwalk/client/src/components/productDetail/Top/ImageSlider/Thumbnails.jsx","statementMap":{"0":{"start":{"line":5,"column":22},"end":{"line":12,"column":1}},"1":{"start":{"line":14,"column":13},"end":{"line":16,"column":1}},"2":{"start":{"line":18,"column":13},"end":{"line":20,"column":1}},"3":{"start":{"line":22,"column":13},"end":{"line":24,"column":1}},"4":{"start":{"line":26,"column":13},"end":{"line":28,"column":1}},"5":{"start":{"line":30,"column":13},"end":{"line":32,"column":1}},"6":{"start":{"line":35,"column":2},"end":{"line":43,"column":4}},"7":{"start":{"line":46,"column":0},"end":{"line":49,"column":2}}},"fnMap":{"0":{"name":"Thumbnails","decl":{"start":{"line":34,"column":9},"end":{"line":34,"column":19}},"loc":{"start":{"line":34,"column":45},"end":{"line":44,"column":1}},"line":34}},"branchMap":{},"s":{"0":1,"1":1,"2":1,"3":1,"4":1,"5":1,"6":0,"7":1},"f":{"0":0},"b":{},"_coverageSchema":"1a1c01bbd47fc00a2c39e90264f33305004495a9","hash":"113b2e5f9fb7ad8f07c6adf03affa85ef818bd6a"}
,"/Users/josephlio1/Desktop/HackReactor/Course/Frontend-Capstone/Project-Catwalk/client/src/components/productDetail/Top/ProductOverview/ProductInfo.jsx": {"path":"/Users/josephlio1/Desktop/HackReactor/Course/Frontend-Capstone/Project-Catwalk/client/src/components/productDetail/Top/ProductOverview/ProductInfo.jsx","statementMap":{"0":{"start":{"line":8,"column":23},"end":{"line":16,"column":1}},"1":{"start":{"line":18,"column":12},"end":{"line":22,"column":1}},"2":{"start":{"line":24,"column":14},"end":{"line":28,"column":1}},"3":{"start":{"line":30,"column":14},"end":{"line":32,"column":1}},"4":{"start":{"line":35,"column":34},"end":{"line":35,"column":49}},"5":{"start":{"line":36,"column":34},"end":{"line":36,"column":46}},"6":{"start":{"line":37,"column":28},"end":{"line":37,"column":40}},"7":{"start":{"line":38,"column":28},"end":{"line":38,"column":38}},"8":{"start":{"line":40,"column":2},"end":{"line":52,"column":9}},"9":{"start":{"line":41,"column":4},"end":{"line":41,"column":21}},"10":{"start":{"line":42,"column":4},"end":{"line":51,"column":9}},"11":{"start":{"line":44,"column":8},"end":{"line":44,"column":40}},"12":{"start":{"line":45,"column":8},"end":{"line":45,"column":33}},"13":{"start":{"line":46,"column":8},"end":{"line":46,"column":42}},"14":{"start":{"line":47,"column":8},"end":{"line":47,"column":26}},"15":{"start":{"line":50,"column":8},"end":{"line":50,"column":18}},"16":{"start":{"line":55,"column":2},"end":{"line":57,"column":3}},"17":{"start":{"line":56,"column":4},"end":{"line":56,"column":47}},"18":{"start":{"line":60,"column":2},"end":{"line":69,"column":4}},"19":{"start":{"line":72,"column":0},"end":{"line":74,"column":2}}},"fnMap":{"0":{"name":"ProductInformation","decl":{"start":{"line":34,"column":9},"end":{"line":34,"column":27}},"loc":{"start":{"line":34,"column":43},"end":{"line":70,"column":1}},"line":34},"1":{"name":"(anonymous_1)","decl":{"start":{"line":40,"column":12},"end":{"line":40,"column":13}},"loc":{"start":{"line":40,"column":18},"end":{"line":52,"column":3}},"line":40},"2":{"name":"(anonymous_2)","decl":{"start":{"line":43,"column":12},"end":{"line":43,"column":13}},"loc":{"start":{"line":43,"column":22},"end":{"line":48,"column":7}},"line":43},"3":{"name":"(anonymous_3)","decl":{"start":{"line":49,"column":13},"end":{"line":49,"column":14}},"loc":{"start":{"line":49,"column":22},"end":{"line":51,"column":7}},"line":49}},"branchMap":{"0":{"loc":{"start":{"line":55,"column":2},"end":{"line":57,"column":3}},"type":"if","locations":[{"start":{"line":55,"column":2},"end":{"line":57,"column":3}},{"start":{"line":55,"column":2},"end":{"line":57,"column":3}}],"line":55}},"s":{"0":1,"1":1,"2":1,"3":1,"4":10,"5":10,"6":10,"7":10,"8":10,"9":5,"10":5,"11":0,"12":0,"13":0,"14":0,"15":0,"16":10,"17":5,"18":10,"19":1},"f":{"0":10,"1":5,"2":0,"3":0},"b":{"0":[5,5]},"_coverageSchema":"1a1c01bbd47fc00a2c39e90264f33305004495a9","hash":"c181be92f09d5b81c8ab6686a20dca5b231fce0b"}
,"/Users/josephlio1/Desktop/HackReactor/Course/Frontend-Capstone/Project-Catwalk/client/src/components/productDetail/Top/ProductOverview/ProductOverview.jsx": {"path":"/Users/josephlio1/Desktop/HackReactor/Course/Frontend-Capstone/Project-Catwalk/client/src/components/productDetail/Top/ProductOverview/ProductOverview.jsx","statementMap":{"0":{"start":{"line":8,"column":26},"end":{"line":16,"column":1}},"1":{"start":{"line":19,"column":2},"end":{"line":25,"column":4}},"2":{"start":{"line":28,"column":0},"end":{"line":30,"column":2}}},"fnMap":{"0":{"name":"ProductOverview","decl":{"start":{"line":18,"column":9},"end":{"line":18,"column":24}},"loc":{"start":{"line":18,"column":40},"end":{"line":26,"column":1}},"line":18}},"branchMap":{},"s":{"0":1,"1":5,"2":1},"f":{"0":5},"b":{},"_coverageSchema":"1a1c01bbd47fc00a2c39e90264f33305004495a9","hash":"4123d2c2e5611aa91c1663fa92fc3b0e5b2a3137"}
,"/Users/josephlio1/Desktop/HackReactor/Course/Frontend-Capstone/Project-Catwalk/client/src/components/productDetail/Top/ProductOverview/Selector.jsx": {"path":"/Users/josephlio1/Desktop/HackReactor/Course/Frontend-Capstone/Project-Catwalk/client/src/components/productDetail/Top/ProductOverview/Selector.jsx","statementMap":{"0":{"start":{"line":5,"column":20},"end":{"line":13,"column":1}},"1":{"start":{"line":15,"column":16},"end":{"line":26,"column":1}},"2":{"start":{"line":39,"column":2},"end":{"line":50,"column":4}}},"fnMap":{"0":{"name":"Selector","decl":{"start":{"line":38,"column":9},"end":{"line":38,"column":17}},"loc":{"start":{"line":38,"column":20},"end":{"line":51,"column":1}},"line":38}},"branchMap":{},"s":{"0":1,"1":1,"2":5},"f":{"0":5},"b":{},"_coverageSchema":"1a1c01bbd47fc00a2c39e90264f33305004495a9","hash":"b38de52c116efd03275b7128126469020e1fc6c4"}
,"/Users/josephlio1/Desktop/HackReactor/Course/Frontend-Capstone/Project-Catwalk/client/src/components/productDetail/Top/ProductOverview/Styles.jsx": {"path":"/Users/josephlio1/Desktop/HackReactor/Course/Frontend-Capstone/Project-Catwalk/client/src/components/productDetail/Top/ProductOverview/Styles.jsx","statementMap":{"0":{"start":{"line":6,"column":18},"end":{"line":12,"column":1}},"1":{"start":{"line":14,"column":25},"end":{"line":19,"column":1}},"2":{"start":{"line":21,"column":16},"end":{"line":27,"column":1}},"3":{"start":{"line":29,"column":19},"end":{"line":33,"column":1}},"4":{"start":{"line":35,"column":27},"end":{"line":38,"column":1}},"5":{"start":{"line":42,"column":2},"end":{"line":64,"column":4}}},"fnMap":{"0":{"name":"Styles","decl":{"start":{"line":41,"column":9},"end":{"line":41,"column":15}},"loc":{"start":{"line":41,"column":18},"end":{"line":65,"column":1}},"line":41}},"branchMap":{},"s":{"0":1,"1":1,"2":1,"3":1,"4":1,"5":5},"f":{"0":5},"b":{},"_coverageSchema":"1a1c01bbd47fc00a2c39e90264f33305004495a9","hash":"0fa19bb78e25ac96ad1b26f09d93cd42827bb2ef"}
,"/Users/josephlio1/Desktop/HackReactor/Course/Frontend-Capstone/Project-Catwalk/client/src/components/questions/AddAnswer.jsx": {"path":"/Users/josephlio1/Desktop/HackReactor/Course/Frontend-Capstone/Project-Catwalk/client/src/components/questions/AddAnswer.jsx","statementMap":{"0":{"start":{"line":11,"column":20},"end":{"line":19,"column":1}},"1":{"start":{"line":13,"column":4},"end":{"line":17,"column":5}},"2":{"start":{"line":14,"column":6},"end":{"line":16,"column":8}},"3":{"start":{"line":21,"column":18},"end":{"line":60,"column":1}},"4":{"start":{"line":24,"column":24},"end":{"line":34,"column":3}},"5":{"start":{"line":25,"column":4},"end":{"line":25,"column":27}},"6":{"start":{"line":26,"column":23},"end":{"line":26,"column":49}},"7":{"start":{"line":27,"column":4},"end":{"line":33,"column":45}},"8":{"start":{"line":29,"column":8},"end":{"line":29,"column":37}},"9":{"start":{"line":30,"column":8},"end":{"line":30,"column":27}},"10":{"start":{"line":32,"column":18},"end":{"line":32,"column":35}},"11":{"start":{"line":33,"column":24},"end":{"line":33,"column":41}},"12":{"start":{"line":36,"column":2},"end":{"line":59,"column":4}},"13":{"start":{"line":62,"column":0},"end":{"line":69,"column":2}}},"fnMap":{"0":{"name":"(anonymous_0)","decl":{"start":{"line":12,"column":4},"end":{"line":12,"column":5}},"loc":{"start":{"line":12,"column":15},"end":{"line":18,"column":3}},"line":12},"1":{"name":"(anonymous_1)","decl":{"start":{"line":21,"column":18},"end":{"line":21,"column":19}},"loc":{"start":{"line":23,"column":6},"end":{"line":60,"column":1}},"line":23},"2":{"name":"(anonymous_2)","decl":{"start":{"line":24,"column":24},"end":{"line":24,"column":25}},"loc":{"start":{"line":24,"column":35},"end":{"line":34,"column":3}},"line":24},"3":{"name":"(anonymous_3)","decl":{"start":{"line":28,"column":12},"end":{"line":28,"column":13}},"loc":{"start":{"line":28,"column":18},"end":{"line":31,"column":7}},"line":28},"4":{"name":"(anonymous_4)","decl":{"start":{"line":32,"column":12},"end":{"line":32,"column":13}},"loc":{"start":{"line":32,"column":18},"end":{"line":32,"column":35}},"line":32},"5":{"name":"(anonymous_5)","decl":{"start":{"line":33,"column":13},"end":{"line":33,"column":14}},"loc":{"start":{"line":33,"column":22},"end":{"line":33,"column":43}},"line":33}},"branchMap":{"0":{"loc":{"start":{"line":13,"column":4},"end":{"line":17,"column":5}},"type":"if","locations":[{"start":{"line":13,"column":4},"end":{"line":17,"column":5}},{"start":{"line":13,"column":4},"end":{"line":17,"column":5}}],"line":13}},"s":{"0":1,"1":8,"2":8,"3":1,"4":8,"5":0,"6":0,"7":0,"8":0,"9":0,"10":0,"11":0,"12":8,"13":1},"f":{"0":8,"1":8,"2":0,"3":0,"4":0,"5":0},"b":{"0":[8,0]},"_coverageSchema":"1a1c01bbd47fc00a2c39e90264f33305004495a9","hash":"1e3c41de927168a4da6ab747e05434a432d35231"}
,"/Users/josephlio1/Desktop/HackReactor/Course/Frontend-Capstone/Project-Catwalk/client/src/components/questions/AddQuestion.jsx": {"path":"/Users/josephlio1/Desktop/HackReactor/Course/Frontend-Capstone/Project-Catwalk/client/src/components/questions/AddQuestion.jsx","statementMap":{"0":{"start":{"line":11,"column":22},"end":{"line":19,"column":1}},"1":{"start":{"line":13,"column":4},"end":{"line":17,"column":5}},"2":{"start":{"line":14,"column":6},"end":{"line":16,"column":8}},"3":{"start":{"line":21,"column":20},"end":{"line":60,"column":1}},"4":{"start":{"line":24,"column":24},"end":{"line":34,"column":3}},"5":{"start":{"line":25,"column":4},"end":{"line":25,"column":27}},"6":{"start":{"line":26,"column":23},"end":{"line":26,"column":49}},"7":{"start":{"line":27,"column":4},"end":{"line":33,"column":45}},"8":{"start":{"line":29,"column":8},"end":{"line":29,"column":37}},"9":{"start":{"line":30,"column":8},"end":{"line":30,"column":27}},"10":{"start":{"line":32,"column":18},"end":{"line":32,"column":35}},"11":{"start":{"line":33,"column":24},"end":{"line":33,"column":41}},"12":{"start":{"line":36,"column":2},"end":{"line":59,"column":4}},"13":{"start":{"line":62,"column":0},"end":{"line":67,"column":2}}},"fnMap":{"0":{"name":"(anonymous_0)","decl":{"start":{"line":12,"column":4},"end":{"line":12,"column":5}},"loc":{"start":{"line":12,"column":15},"end":{"line":18,"column":3}},"line":12},"1":{"name":"(anonymous_1)","decl":{"start":{"line":21,"column":20},"end":{"line":21,"column":21}},"loc":{"start":{"line":23,"column":6},"end":{"line":60,"column":1}},"line":23},"2":{"name":"(anonymous_2)","decl":{"start":{"line":24,"column":24},"end":{"line":24,"column":25}},"loc":{"start":{"line":24,"column":35},"end":{"line":34,"column":3}},"line":24},"3":{"name":"(anonymous_3)","decl":{"start":{"line":28,"column":12},"end":{"line":28,"column":13}},"loc":{"start":{"line":28,"column":18},"end":{"line":31,"column":7}},"line":28},"4":{"name":"(anonymous_4)","decl":{"start":{"line":32,"column":12},"end":{"line":32,"column":13}},"loc":{"start":{"line":32,"column":18},"end":{"line":32,"column":35}},"line":32},"5":{"name":"(anonymous_5)","decl":{"start":{"line":33,"column":13},"end":{"line":33,"column":14}},"loc":{"start":{"line":33,"column":22},"end":{"line":33,"column":43}},"line":33}},"branchMap":{"0":{"loc":{"start":{"line":13,"column":4},"end":{"line":17,"column":5}},"type":"if","locations":[{"start":{"line":13,"column":4},"end":{"line":17,"column":5}},{"start":{"line":13,"column":4},"end":{"line":17,"column":5}}],"line":13}},"s":{"0":1,"1":18,"2":18,"3":1,"4":18,"5":0,"6":0,"7":0,"8":0,"9":0,"10":0,"11":0,"12":18,"13":1},"f":{"0":18,"1":18,"2":0,"3":0,"4":0,"5":0},"b":{"0":[18,0]},"_coverageSchema":"1a1c01bbd47fc00a2c39e90264f33305004495a9","hash":"597454acfd378d1b13e26b0eaf96aeaa4f1d01ac"}
,"/Users/josephlio1/Desktop/HackReactor/Course/Frontend-Capstone/Project-Catwalk/client/src/components/questions/Answer.jsx": {"path":"/Users/josephlio1/Desktop/HackReactor/Course/Frontend-Capstone/Project-Catwalk/client/src/components/questions/Answer.jsx","statementMap":{"0":{"start":{"line":7,"column":15},"end":{"line":14,"column":1}},"1":{"start":{"line":9,"column":2},"end":{"line":12,"column":8}},"2":{"start":{"line":16,"column":0},"end":{"line":18,"column":2}}},"fnMap":{"0":{"name":"(anonymous_0)","decl":{"start":{"line":7,"column":15},"end":{"line":7,"column":16}},"loc":{"start":{"line":9,"column":2},"end":{"line":12,"column":8}},"line":9}},"branchMap":{},"s":{"0":1,"1":8,"2":1},"f":{"0":8},"b":{},"_coverageSchema":"1a1c01bbd47fc00a2c39e90264f33305004495a9","hash":"c21022946903d8fcc4f2ae48e58b90fcf652f4c4"}
,"/Users/josephlio1/Desktop/HackReactor/Course/Frontend-Capstone/Project-Catwalk/client/src/components/questions/Question.jsx": {"path":"/Users/josephlio1/Desktop/HackReactor/Course/Frontend-Capstone/Project-Catwalk/client/src/components/questions/Question.jsx","statementMap":{"0":{"start":{"line":10,"column":20},"end":{"line":25,"column":1}},"1":{"start":{"line":12,"column":4},"end":{"line":18,"column":5}},"2":{"start":{"line":13,"column":6},"end":{"line":17,"column":8}},"3":{"start":{"line":19,"column":4},"end":{"line":23,"column":6}},"4":{"start":{"line":27,"column":18},"end":{"line":35,"column":1}},"5":{"start":{"line":29,"column":4},"end":{"line":33,"column":5}},"6":{"start":{"line":30,"column":6},"end":{"line":32,"column":8}},"7":{"start":{"line":37,"column":24},"end":{"line":45,"column":1}},"8":{"start":{"line":39,"column":4},"end":{"line":43,"column":5}},"9":{"start":{"line":40,"column":6},"end":{"line":42,"column":8}},"10":{"start":{"line":47,"column":15},"end":{"line":47,"column":36}},"11":{"start":{"line":49,"column":17},"end":{"line":142,"column":1}},"12":{"start":{"line":52,"column":42},"end":{"line":52,"column":54}},"13":{"start":{"line":53,"column":40},"end":{"line":53,"column":54}},"14":{"start":{"line":54,"column":50},"end":{"line":54,"column":62}},"15":{"start":{"line":55,"column":50},"end":{"line":55,"column":65}},"16":{"start":{"line":56,"column":48},"end":{"line":56,"column":63}},"17":{"start":{"line":57,"column":44},"end":{"line":57,"column":59}},"18":{"start":{"line":58,"column":36},"end":{"line":58,"column":51}},"19":{"start":{"line":60,"column":26},"end":{"line":60,"column":27}},"20":{"start":{"line":61,"column":22},"end":{"line":61,"column":44}},"21":{"start":{"line":63,"column":25},"end":{"line":65,"column":3}},"22":{"start":{"line":64,"column":4},"end":{"line":64,"column":33}},"23":{"start":{"line":67,"column":23},"end":{"line":69,"column":3}},"24":{"start":{"line":68,"column":4},"end":{"line":68,"column":37}},"25":{"start":{"line":71,"column":27},"end":{"line":73,"column":3}},"26":{"start":{"line":72,"column":4},"end":{"line":72,"column":29}},"27":{"start":{"line":75,"column":29},"end":{"line":84,"column":3}},"28":{"start":{"line":76,"column":4},"end":{"line":83,"column":5}},"29":{"start":{"line":77,"column":6},"end":{"line":82,"column":11}},"30":{"start":{"line":78,"column":28},"end":{"line":78,"column":49}},"31":{"start":{"line":79,"column":24},"end":{"line":79,"column":40}},"32":{"start":{"line":81,"column":10},"end":{"line":81,"column":36}},"33":{"start":{"line":86,"column":24},"end":{"line":93,"column":3}},"34":{"start":{"line":87,"column":4},"end":{"line":92,"column":5}},"35":{"start":{"line":88,"column":6},"end":{"line":91,"column":46}},"36":{"start":{"line":89,"column":28},"end":{"line":89,"column":49}},"37":{"start":{"line":90,"column":24},"end":{"line":90,"column":40}},"38":{"start":{"line":91,"column":20},"end":{"line":91,"column":44}},"39":{"start":{"line":95,"column":2},"end":{"line":105,"column":20}},"40":{"start":{"line":96,"column":4},"end":{"line":104,"column":5}},"41":{"start":{"line":97,"column":6},"end":{"line":97,"column":61}},"42":{"start":{"line":98,"column":11},"end":{"line":104,"column":5}},"43":{"start":{"line":99,"column":6},"end":{"line":99,"column":61}},"44":{"start":{"line":100,"column":6},"end":{"line":100,"column":112}},"45":{"start":{"line":102,"column":6},"end":{"line":102,"column":35}},"46":{"start":{"line":103,"column":6},"end":{"line":103,"column":113}},"47":{"start":{"line":107,"column":2},"end":{"line":141,"column":4}},"48":{"start":{"line":116,"column":25},"end":{"line":116,"column":47}},"49":{"start":{"line":122,"column":25},"end":{"line":122,"column":42}},"50":{"start":{"line":129,"column":10},"end":{"line":129,"column":44}},"51":{"start":{"line":144,"column":0},"end":{"line":150,"column":2}}},"fnMap":{"0":{"name":"(anonymous_0)","decl":{"start":{"line":11,"column":4},"end":{"line":11,"column":5}},"loc":{"start":{"line":11,"column":15},"end":{"line":24,"column":3}},"line":11},"1":{"name":"(anonymous_1)","decl":{"start":{"line":28,"column":4},"end":{"line":28,"column":5}},"loc":{"start":{"line":28,"column":15},"end":{"line":34,"column":3}},"line":28},"2":{"name":"(anonymous_2)","decl":{"start":{"line":38,"column":4},"end":{"line":38,"column":5}},"loc":{"start":{"line":38,"column":15},"end":{"line":44,"column":3}},"line":38},"3":{"name":"(anonymous_3)","decl":{"start":{"line":49,"column":17},"end":{"line":49,"column":18}},"loc":{"start":{"line":51,"column":6},"end":{"line":142,"column":1}},"line":51},"4":{"name":"(anonymous_4)","decl":{"start":{"line":63,"column":25},"end":{"line":63,"column":26}},"loc":{"start":{"line":63,"column":31},"end":{"line":65,"column":3}},"line":63},"5":{"name":"(anonymous_5)","decl":{"start":{"line":67,"column":23},"end":{"line":67,"column":24}},"loc":{"start":{"line":67,"column":29},"end":{"line":69,"column":3}},"line":67},"6":{"name":"(anonymous_6)","decl":{"start":{"line":71,"column":27},"end":{"line":71,"column":28}},"loc":{"start":{"line":71,"column":33},"end":{"line":73,"column":3}},"line":71},"7":{"name":"(anonymous_7)","decl":{"start":{"line":75,"column":29},"end":{"line":75,"column":30}},"loc":{"start":{"line":75,"column":45},"end":{"line":84,"column":3}},"line":75},"8":{"name":"(anonymous_8)","decl":{"start":{"line":78,"column":14},"end":{"line":78,"column":15}},"loc":{"start":{"line":78,"column":28},"end":{"line":78,"column":49}},"line":78},"9":{"name":"(anonymous_9)","decl":{"start":{"line":79,"column":15},"end":{"line":79,"column":16}},"loc":{"start":{"line":79,"column":24},"end":{"line":79,"column":40}},"line":79},"10":{"name":"(anonymous_10)","decl":{"start":{"line":80,"column":14},"end":{"line":80,"column":15}},"loc":{"start":{"line":80,"column":20},"end":{"line":82,"column":9}},"line":80},"11":{"name":"(anonymous_11)","decl":{"start":{"line":86,"column":24},"end":{"line":86,"column":25}},"loc":{"start":{"line":86,"column":40},"end":{"line":93,"column":3}},"line":86},"12":{"name":"(anonymous_12)","decl":{"start":{"line":89,"column":14},"end":{"line":89,"column":15}},"loc":{"start":{"line":89,"column":28},"end":{"line":89,"column":49}},"line":89},"13":{"name":"(anonymous_13)","decl":{"start":{"line":90,"column":15},"end":{"line":90,"column":16}},"loc":{"start":{"line":90,"column":24},"end":{"line":90,"column":40}},"line":90},"14":{"name":"(anonymous_14)","decl":{"start":{"line":91,"column":14},"end":{"line":91,"column":15}},"loc":{"start":{"line":91,"column":20},"end":{"line":91,"column":44}},"line":91},"15":{"name":"(anonymous_15)","decl":{"start":{"line":95,"column":12},"end":{"line":95,"column":13}},"loc":{"start":{"line":95,"column":18},"end":{"line":105,"column":3}},"line":95},"16":{"name":"(anonymous_16)","decl":{"start":{"line":116,"column":19},"end":{"line":116,"column":20}},"loc":{"start":{"line":116,"column":25},"end":{"line":116,"column":47}},"line":116},"17":{"name":"(anonymous_17)","decl":{"start":{"line":122,"column":19},"end":{"line":122,"column":20}},"loc":{"start":{"line":122,"column":25},"end":{"line":122,"column":42}},"line":122},"18":{"name":"(anonymous_18)","decl":{"start":{"line":128,"column":26},"end":{"line":128,"column":27}},"loc":{"start":{"line":129,"column":10},"end":{"line":129,"column":44}},"line":129}},"branchMap":{"0":{"loc":{"start":{"line":12,"column":4},"end":{"line":18,"column":5}},"type":"if","locations":[{"start":{"line":12,"column":4},"end":{"line":18,"column":5}},{"start":{"line":12,"column":4},"end":{"line":18,"column":5}}],"line":12},"1":{"loc":{"start":{"line":29,"column":4},"end":{"line":33,"column":5}},"type":"if","locations":[{"start":{"line":29,"column":4},"end":{"line":33,"column":5}},{"start":{"line":29,"column":4},"end":{"line":33,"column":5}}],"line":29},"2":{"loc":{"start":{"line":39,"column":4},"end":{"line":43,"column":5}},"type":"if","locations":[{"start":{"line":39,"column":4},"end":{"line":43,"column":5}},{"start":{"line":39,"column":4},"end":{"line":43,"column":5}}],"line":39},"3":{"loc":{"start":{"line":76,"column":4},"end":{"line":83,"column":5}},"type":"if","locations":[{"start":{"line":76,"column":4},"end":{"line":83,"column":5}},{"start":{"line":76,"column":4},"end":{"line":83,"column":5}}],"line":76},"4":{"loc":{"start":{"line":87,"column":4},"end":{"line":92,"column":5}},"type":"if","locations":[{"start":{"line":87,"column":4},"end":{"line":92,"column":5}},{"start":{"line":87,"column":4},"end":{"line":92,"column":5}}],"line":87},"5":{"loc":{"start":{"line":96,"column":4},"end":{"line":104,"column":5}},"type":"if","locations":[{"start":{"line":96,"column":4},"end":{"line":104,"column":5}},{"start":{"line":96,"column":4},"end":{"line":104,"column":5}}],"line":96},"6":{"loc":{"start":{"line":98,"column":11},"end":{"line":104,"column":5}},"type":"if","locations":[{"start":{"line":98,"column":11},"end":{"line":104,"column":5}},{"start":{"line":98,"column":11},"end":{"line":104,"column":5}}],"line":98}},"s":{"0":1,"1":16,"2":16,"3":0,"4":1,"5":8,"6":0,"7":1,"8":8,"9":0,"10":1,"11":1,"12":8,"13":8,"14":8,"15":8,"16":8,"17":8,"18":8,"19":8,"20":8,"21":8,"22":0,"23":8,"24":0,"25":8,"26":0,"27":8,"28":0,"29":0,"30":0,"31":0,"32":0,"33":8,"34":0,"35":0,"36":0,"37":0,"38":0,"39":8,"40":4,"41":2,"42":2,"43":2,"44":2,"45":0,"46":0,"47":8,"48":0,"49":0,"50":8,"51":1},"f":{"0":16,"1":8,"2":8,"3":8,"4":0,"5":0,"6":0,"7":0,"8":0,"9":0,"10":0,"11":0,"12":0,"13":0,"14":0,"15":4,"16":0,"17":0,"18":8},"b":{"0":[16,0],"1":[0,8],"2":[0,8],"3":[0,0],"4":[0,0],"5":[2,2],"6":[2,0]},"_coverageSchema":"1a1c01bbd47fc00a2c39e90264f33305004495a9","hash":"0ab03130c42dee5deb100c9c791a6146972622ac"}
,"/Users/josephlio1/Desktop/HackReactor/Course/Frontend-Capstone/Project-Catwalk/client/src/components/questions/QuestionList.jsx": {"path":"/Users/josephlio1/Desktop/HackReactor/Course/Frontend-Capstone/Project-Catwalk/client/src/components/questions/QuestionList.jsx","statementMap":{"0":{"start":{"line":11,"column":23},"end":{"line":23,"column":1}},"1":{"start":{"line":14,"column":4},"end":{"line":18,"column":5}},"2":{"start":{"line":15,"column":6},"end":{"line":17,"column":8}},"3":{"start":{"line":19,"column":4},"end":{"line":21,"column":6}},"4":{"start":{"line":25,"column":21},"end":{"line":145,"column":1}},"5":{"start":{"line":26,"column":36},"end":{"line":26,"column":48}},"6":{"start":{"line":27,"column":46},"end":{"line":27,"column":58}},"7":{"start":{"line":28,"column":34},"end":{"line":28,"column":49}},"8":{"start":{"line":29,"column":33},"end":{"line":29,"column":44}},"9":{"start":{"line":30,"column":30},"end":{"line":30,"column":41}},"10":{"start":{"line":31,"column":44},"end":{"line":31,"column":59}},"11":{"start":{"line":32,"column":40},"end":{"line":32,"column":52}},"12":{"start":{"line":33,"column":36},"end":{"line":33,"column":51}},"13":{"start":{"line":34,"column":40},"end":{"line":34,"column":52}},"14":{"start":{"line":35,"column":38},"end":{"line":35,"column":49}},"15":{"start":{"line":37,"column":2},"end":{"line":53,"column":9}},"16":{"start":{"line":38,"column":4},"end":{"line":38,"column":21}},"17":{"start":{"line":39,"column":4},"end":{"line":47,"column":9}},"18":{"start":{"line":41,"column":8},"end":{"line":41,"column":40}},"19":{"start":{"line":42,"column":8},"end":{"line":42,"column":73}},"20":{"start":{"line":43,"column":8},"end":{"line":43,"column":26}},"21":{"start":{"line":46,"column":8},"end":{"line":46,"column":18}},"22":{"start":{"line":48,"column":4},"end":{"line":52,"column":38}},"23":{"start":{"line":50,"column":8},"end":{"line":50,"column":39}},"24":{"start":{"line":52,"column":24},"end":{"line":52,"column":34}},"25":{"start":{"line":56,"column":2},"end":{"line":61,"column":20}},"26":{"start":{"line":57,"column":4},"end":{"line":57,"column":75}},"27":{"start":{"line":58,"column":4},"end":{"line":60,"column":5}},"28":{"start":{"line":59,"column":6},"end":{"line":59,"column":29}},"29":{"start":{"line":64,"column":2},"end":{"line":68,"column":23}},"30":{"start":{"line":65,"column":4},"end":{"line":67,"column":5}},"31":{"start":{"line":66,"column":6},"end":{"line":66,"column":29}},"32":{"start":{"line":71,"column":25},"end":{"line":73,"column":3}},"33":{"start":{"line":72,"column":4},"end":{"line":72,"column":29}},"34":{"start":{"line":75,"column":25},"end":{"line":79,"column":3}},"35":{"start":{"line":76,"column":4},"end":{"line":76,"column":27}},"36":{"start":{"line":77,"column":4},"end":{"line":77,"column":20}},"37":{"start":{"line":78,"column":4},"end":{"line":78,"column":39}},"38":{"start":{"line":81,"column":25},"end":{"line":99,"column":3}},"39":{"start":{"line":82,"column":4},"end":{"line":82,"column":27}},"40":{"start":{"line":83,"column":23},"end":{"line":83,"column":25}},"41":{"start":{"line":84,"column":4},"end":{"line":97,"column":7}},"42":{"start":{"line":85,"column":6},"end":{"line":88,"column":7}},"43":{"start":{"line":86,"column":8},"end":{"line":86,"column":34}},"44":{"start":{"line":87,"column":8},"end":{"line":87,"column":15}},"45":{"start":{"line":89,"column":26},"end":{"line":89,"column":57}},"46":{"start":{"line":90,"column":24},"end":{"line":90,"column":29}},"47":{"start":{"line":91,"column":6},"end":{"line":96,"column":9}},"48":{"start":{"line":92,"column":8},"end":{"line":95,"column":9}},"49":{"start":{"line":93,"column":10},"end":{"line":93,"column":36}},"50":{"start":{"line":94,"column":10},"end":{"line":94,"column":29}},"51":{"start":{"line":98,"column":4},"end":{"line":98,"column":34}},"52":{"start":{"line":101,"column":27},"end":{"line":103,"column":3}},"53":{"start":{"line":102,"column":4},"end":{"line":102,"column":29}},"54":{"start":{"line":106,"column":2},"end":{"line":108,"column":3}},"55":{"start":{"line":107,"column":4},"end":{"line":107,"column":47}},"56":{"start":{"line":110,"column":21},"end":{"line":110,"column":26}},"57":{"start":{"line":111,"column":2},"end":{"line":113,"column":3}},"58":{"start":{"line":112,"column":4},"end":{"line":112,"column":24}},"59":{"start":{"line":115,"column":2},"end":{"line":144,"column":4}},"60":{"start":{"line":125,"column":8},"end":{"line":132,"column":10}},"61":{"start":{"line":147,"column":0},"end":{"line":149,"column":2}}},"fnMap":{"0":{"name":"(anonymous_0)","decl":{"start":{"line":13,"column":4},"end":{"line":13,"column":5}},"loc":{"start":{"line":13,"column":15},"end":{"line":22,"column":3}},"line":13},"1":{"name":"(anonymous_1)","decl":{"start":{"line":25,"column":21},"end":{"line":25,"column":22}},"loc":{"start":{"line":25,"column":53},"end":{"line":145,"column":1}},"line":25},"2":{"name":"(anonymous_2)","decl":{"start":{"line":37,"column":12},"end":{"line":37,"column":13}},"loc":{"start":{"line":37,"column":18},"end":{"line":53,"column":3}},"line":37},"3":{"name":"(anonymous_3)","decl":{"start":{"line":40,"column":12},"end":{"line":40,"column":13}},"loc":{"start":{"line":40,"column":22},"end":{"line":44,"column":7}},"line":40},"4":{"name":"(anonymous_4)","decl":{"start":{"line":45,"column":13},"end":{"line":45,"column":14}},"loc":{"start":{"line":45,"column":22},"end":{"line":47,"column":7}},"line":45},"5":{"name":"(anonymous_5)","decl":{"start":{"line":49,"column":12},"end":{"line":49,"column":13}},"loc":{"start":{"line":49,"column":22},"end":{"line":51,"column":7}},"line":49},"6":{"name":"(anonymous_6)","decl":{"start":{"line":52,"column":13},"end":{"line":52,"column":14}},"loc":{"start":{"line":52,"column":22},"end":{"line":52,"column":36}},"line":52},"7":{"name":"(anonymous_7)","decl":{"start":{"line":56,"column":12},"end":{"line":56,"column":13}},"loc":{"start":{"line":56,"column":18},"end":{"line":61,"column":3}},"line":56},"8":{"name":"(anonymous_8)","decl":{"start":{"line":64,"column":12},"end":{"line":64,"column":13}},"loc":{"start":{"line":64,"column":18},"end":{"line":68,"column":3}},"line":64},"9":{"name":"(anonymous_9)","decl":{"start":{"line":71,"column":25},"end":{"line":71,"column":26}},"loc":{"start":{"line":71,"column":31},"end":{"line":73,"column":3}},"line":71},"10":{"name":"(anonymous_10)","decl":{"start":{"line":75,"column":25},"end":{"line":75,"column":26}},"loc":{"start":{"line":75,"column":36},"end":{"line":79,"column":3}},"line":75},"11":{"name":"(anonymous_11)","decl":{"start":{"line":81,"column":25},"end":{"line":81,"column":26}},"loc":{"start":{"line":81,"column":36},"end":{"line":99,"column":3}},"line":81},"12":{"name":"(anonymous_12)","decl":{"start":{"line":84,"column":22},"end":{"line":84,"column":23}},"loc":{"start":{"line":84,"column":36},"end":{"line":97,"column":5}},"line":84},"13":{"name":"(anonymous_13)","decl":{"start":{"line":91,"column":26},"end":{"line":91,"column":27}},"loc":{"start":{"line":91,"column":38},"end":{"line":96,"column":7}},"line":91},"14":{"name":"(anonymous_14)","decl":{"start":{"line":101,"column":27},"end":{"line":101,"column":28}},"loc":{"start":{"line":101,"column":33},"end":{"line":103,"column":3}},"line":101},"15":{"name":"(anonymous_15)","decl":{"start":{"line":124,"column":26},"end":{"line":124,"column":27}},"loc":{"start":{"line":125,"column":8},"end":{"line":132,"column":10}},"line":125}},"branchMap":{"0":{"loc":{"start":{"line":14,"column":4},"end":{"line":18,"column":5}},"type":"if","locations":[{"start":{"line":14,"column":4},"end":{"line":18,"column":5}},{"start":{"line":14,"column":4},"end":{"line":18,"column":5}}],"line":14},"1":{"loc":{"start":{"line":58,"column":4},"end":{"line":60,"column":5}},"type":"if","locations":[{"start":{"line":58,"column":4},"end":{"line":60,"column":5}},{"start":{"line":58,"column":4},"end":{"line":60,"column":5}}],"line":58},"2":{"loc":{"start":{"line":58,"column":8},"end":{"line":58,"column":74}},"type":"binary-expr","locations":[{"start":{"line":58,"column":8},"end":{"line":58,"column":28}},{"start":{"line":58,"column":32},"end":{"line":58,"column":74}}],"line":58},"3":{"loc":{"start":{"line":65,"column":4},"end":{"line":67,"column":5}},"type":"if","locations":[{"start":{"line":65,"column":4},"end":{"line":67,"column":5}},{"start":{"line":65,"column":4},"end":{"line":67,"column":5}}],"line":65},"4":{"loc":{"start":{"line":65,"column":8},"end":{"line":65,"column":74}},"type":"binary-expr","locations":[{"start":{"line":65,"column":8},"end":{"line":65,"column":28}},{"start":{"line":65,"column":32},"end":{"line":65,"column":74}}],"line":65},"5":{"loc":{"start":{"line":85,"column":6},"end":{"line":88,"column":7}},"type":"if","locations":[{"start":{"line":85,"column":6},"end":{"line":88,"column":7}},{"start":{"line":85,"column":6},"end":{"line":88,"column":7}}],"line":85},"6":{"loc":{"start":{"line":92,"column":8},"end":{"line":95,"column":9}},"type":"if","locations":[{"start":{"line":92,"column":8},"end":{"line":95,"column":9}},{"start":{"line":92,"column":8},"end":{"line":95,"column":9}}],"line":92},"7":{"loc":{"start":{"line":92,"column":12},"end":{"line":92,"column":75}},"type":"binary-expr","locations":[{"start":{"line":92,"column":12},"end":{"line":92,"column":59}},{"start":{"line":92,"column":63},"end":{"line":92,"column":75}}],"line":92},"8":{"loc":{"start":{"line":106,"column":2},"end":{"line":108,"column":3}},"type":"if","locations":[{"start":{"line":106,"column":2},"end":{"line":108,"column":3}},{"start":{"line":106,"column":2},"end":{"line":108,"column":3}}],"line":106},"9":{"loc":{"start":{"line":111,"column":2},"end":{"line":113,"column":3}},"type":"if","locations":[{"start":{"line":111,"column":2},"end":{"line":113,"column":3}},{"start":{"line":111,"column":2},"end":{"line":113,"column":3}}],"line":111}},"s":{"0":1,"1":18,"2":2,"3":16,"4":1,"5":18,"6":18,"7":18,"8":18,"9":18,"10":18,"11":18,"12":18,"13":18,"14":18,"15":18,"16":5,"17":5,"18":5,"19":5,"20":5,"21":0,"22":5,"23":0,"24":0,"25":18,"26":6,"27":6,"28":0,"29":18,"30":13,"31":2,"32":18,"33":1,"34":18,"35":0,"36":0,"37":0,"38":18,"39":0,"40":0,"41":0,"42":0,"43":0,"44":0,"45":0,"46":0,"47":0,"48":0,"49":0,"50":0,"51":0,"52":18,"53":0,"54":18,"55":11,"56":18,"57":18,"58":6,"59":18,"60":8,"61":1},"f":{"0":18,"1":18,"2":5,"3":5,"4":0,"5":0,"6":0,"7":6,"8":13,"9":1,"10":0,"11":0,"12":0,"13":0,"14":0,"15":8},"b":{"0":[2,16],"1":[0,6],"2":[6,0],"3":[2,11],"4":[13,2],"5":[0,0],"6":[0,0],"7":[0,0],"8":[11,7],"9":[6,12]},"_coverageSchema":"1a1c01bbd47fc00a2c39e90264f33305004495a9","hash":"ac49f13c0e3e50333b7b7289a997ac6a3011595d"}
,"/Users/josephlio1/Desktop/HackReactor/Course/Frontend-Capstone/Project-Catwalk/client/src/components/questions/Search.jsx": {"path":"/Users/josephlio1/Desktop/HackReactor/Course/Frontend-Capstone/Project-Catwalk/client/src/components/questions/Search.jsx","statementMap":{"0":{"start":{"line":6,"column":19},"end":{"line":17,"column":1}},"1":{"start":{"line":8,"column":4},"end":{"line":12,"column":5}},"2":{"start":{"line":9,"column":6},"end":{"line":11,"column":8}},"3":{"start":{"line":13,"column":4},"end":{"line":15,"column":6}},"4":{"start":{"line":19,"column":15},"end":{"line":26,"column":1}},"5":{"start":{"line":21,"column":2},"end":{"line":24,"column":15}},"6":{"start":{"line":22,"column":52},"end":{"line":22,"column":70}},"7":{"start":{"line":23,"column":63},"end":{"line":23,"column":80}},"8":{"start":{"line":28,"column":0},"end":{"line":32,"column":2}}},"fnMap":{"0":{"name":"(anonymous_0)","decl":{"start":{"line":7,"column":4},"end":{"line":7,"column":5}},"loc":{"start":{"line":7,"column":15},"end":{"line":16,"column":3}},"line":7},"1":{"name":"(anonymous_1)","decl":{"start":{"line":19,"column":15},"end":{"line":19,"column":16}},"loc":{"start":{"line":21,"column":2},"end":{"line":24,"column":15}},"line":21},"2":{"name":"(anonymous_2)","decl":{"start":{"line":22,"column":43},"end":{"line":22,"column":44}},"loc":{"start":{"line":22,"column":50},"end":{"line":22,"column":72}},"line":22},"3":{"name":"(anonymous_3)","decl":{"start":{"line":23,"column":56},"end":{"line":23,"column":57}},"loc":{"start":{"line":23,"column":63},"end":{"line":23,"column":80}},"line":23}},"branchMap":{"0":{"loc":{"start":{"line":8,"column":4},"end":{"line":12,"column":5}},"type":"if","locations":[{"start":{"line":8,"column":4},"end":{"line":12,"column":5}},{"start":{"line":8,"column":4},"end":{"line":12,"column":5}}],"line":8}},"s":{"0":1,"1":18,"2":12,"3":6,"4":1,"5":18,"6":0,"7":0,"8":1},"f":{"0":18,"1":18,"2":0,"3":0},"b":{"0":[12,6]},"_coverageSchema":"1a1c01bbd47fc00a2c39e90264f33305004495a9","hash":"d0b8f54919bb88149d6828fd49d8668dda9adc11"}
,"/Users/josephlio1/Desktop/HackReactor/Course/Frontend-Capstone/Project-Catwalk/client/src/css/sharedcss.jsx": {"path":"/Users/josephlio1/Desktop/HackReactor/Course/Frontend-Capstone/Project-Catwalk/client/src/css/sharedcss.jsx","statementMap":{"0":{"start":{"line":7,"column":26},"end":{"line":11,"column":1}},"1":{"start":{"line":13,"column":26},"end":{"line":15,"column":1}},"2":{"start":{"line":21,"column":24},"end":{"line":23,"column":1}},"3":{"start":{"line":29,"column":29},"end":{"line":33,"column":1}},"4":{"start":{"line":35,"column":32},"end":{"line":40,"column":1}},"5":{"start":{"line":42,"column":29},"end":{"line":47,"column":1}},"6":{"start":{"line":49,"column":29},"end":{"line":52,"column":1}},"7":{"start":{"line":58,"column":22},"end":{"line":70,"column":1}},"8":{"start":{"line":72,"column":27},"end":{"line":78,"column":1}},"9":{"start":{"line":80,"column":27},"end":{"line":86,"column":1}},"10":{"start":{"line":88,"column":28},"end":{"line":90,"column":1}},"11":{"start":{"line":92,"column":20},"end":{"line":96,"column":1}},"12":{"start":{"line":102,"column":31},"end":{"line":110,"column":1}},"13":{"start":{"line":116,"column":21},"end":{"line":135,"column":1}},"14":{"start":{"line":141,"column":20},"end":{"line":150,"column":1}},"15":{"start":{"line":152,"column":25},"end":{"line":162,"column":1}}},"fnMap":{},"branchMap":{},"s":{"0":1,"1":1,"2":1,"3":1,"4":1,"5":1,"6":1,"7":1,"8":1,"9":1,"10":1,"11":1,"12":1,"13":1,"14":1,"15":1},"f":{},"b":{},"_coverageSchema":"1a1c01bbd47fc00a2c39e90264f33305004495a9","hash":"1591b9594dd578cb57f675a47ab53213d275090a"}
,"/Users/josephlio1/Desktop/HackReactor/Course/Frontend-Capstone/Project-Catwalk/client/src/lib/getInfo.js": {"path":"/Users/josephlio1/Desktop/HackReactor/Course/Frontend-Capstone/Project-Catwalk/client/src/lib/getInfo.js","statementMap":{"0":{"start":{"line":4,"column":19},"end":{"line":9,"column":4}},"1":{"start":{"line":5,"column":2},"end":{"line":9,"column":4}},"2":{"start":{"line":11,"column":16},"end":{"line":47,"column":1}},"3":{"start":{"line":13,"column":36},"end":{"line":13,"column":96}},"4":{"start":{"line":15,"column":33},"end":{"line":15,"column":75}},"5":{"start":{"line":17,"column":47},"end":{"line":17,"column":114}},"6":{"start":{"line":20,"column":17},"end":{"line":25,"column":5}},"7":{"start":{"line":26,"column":4},"end":{"line":26,"column":53}},"8":{"start":{"line":30,"column":17},"end":{"line":34,"column":5}},"9":{"start":{"line":35,"column":4},"end":{"line":35,"column":74}},"10":{"start":{"line":39,"column":17},"end":{"line":43,"column":5}},"11":{"start":{"line":44,"column":4},"end":{"line":44,"column":52}}},"fnMap":{"0":{"name":"(anonymous_0)","decl":{"start":{"line":4,"column":19},"end":{"line":4,"column":20}},"loc":{"start":{"line":5,"column":2},"end":{"line":9,"column":4}},"line":5},"1":{"name":"(anonymous_1)","decl":{"start":{"line":13,"column":21},"end":{"line":13,"column":22}},"loc":{"start":{"line":13,"column":36},"end":{"line":13,"column":96}},"line":13},"2":{"name":"(anonymous_2)","decl":{"start":{"line":15,"column":18},"end":{"line":15,"column":19}},"loc":{"start":{"line":15,"column":33},"end":{"line":15,"column":75}},"line":15},"3":{"name":"(anonymous_3)","decl":{"start":{"line":17,"column":14},"end":{"line":17,"column":15}},"loc":{"start":{"line":17,"column":47},"end":{"line":17,"column":114}},"line":17},"4":{"name":"(anonymous_4)","decl":{"start":{"line":19,"column":23},"end":{"line":19,"column":24}},"loc":{"start":{"line":19,"column":48},"end":{"line":27,"column":3}},"line":19},"5":{"name":"(anonymous_5)","decl":{"start":{"line":29,"column":21},"end":{"line":29,"column":22}},"loc":{"start":{"line":29,"column":47},"end":{"line":36,"column":3}},"line":29},"6":{"name":"(anonymous_6)","decl":{"start":{"line":38,"column":26},"end":{"line":38,"column":27}},"loc":{"start":{"line":38,"column":72},"end":{"line":45,"column":3}},"line":38}},"branchMap":{},"s":{"0":1,"1":10,"2":1,"3":5,"4":5,"5":0,"6":0,"7":0,"8":0,"9":0,"10":0,"11":0},"f":{"0":10,"1":5,"2":5,"3":0,"4":0,"5":0,"6":0},"b":{},"_coverageSchema":"1a1c01bbd47fc00a2c39e90264f33305004495a9","hash":"4e1142a81839db5c5fe43a54f7a05acb3e1d6088"}
,"/Users/josephlio1/Desktop/HackReactor/Course/Frontend-Capstone/Project-Catwalk/server/sum.js": {"path":"/Users/josephlio1/Desktop/HackReactor/Course/Frontend-Capstone/Project-Catwalk/server/sum.js","statementMap":{"0":{"start":{"line":2,"column":2},"end":{"line":2,"column":15}},"1":{"start":{"line":4,"column":0},"end":{"line":4,"column":21}}},"fnMap":{"0":{"name":"sum","decl":{"start":{"line":1,"column":9},"end":{"line":1,"column":12}},"loc":{"start":{"line":1,"column":19},"end":{"line":3,"column":1}},"line":1}},"branchMap":{},"s":{"0":1,"1":1},"f":{"0":1},"b":{},"_coverageSchema":"1a1c01bbd47fc00a2c39e90264f33305004495a9","hash":"8d03cc03ba27ef9d0ab39138da915e64b958ac50"}
}
