TN:
SF:config.js
FNF:0
FNH:0
DA:2,1
DA:3,1
LF:2
LH:2
BRF:0
BRH:0
end_of_record
TN:
SF:client/src/components/App.jsx
FN:25,(anonymous_0)
FN:32,(anonymous_1)
FNF:2
FNH:2
FNDA:5,(anonymous_0)
FNDA:5,(anonymous_1)
DA:10,1
DA:19,1
DA:20,1
DA:21,1
DA:22,1
DA:26,5
DA:27,5
DA:34,5
LF:8
LH:8
BRF:0
BRH:0
end_of_record
TN:
SF:client/src/components/Interactions/interactions.jsx
FN:4,withTracking
FN:5,(anonymous_1)
FN:8,(anonymous_2)
FN:15,(anonymous_3)
FN:16,(anonymous_4)
FN:21,(anonymous_5)
FNF:6
FNH:1
FNDA:4,withTracking
FNDA:0,(anonymous_1)
FNDA:0,(anonymous_2)
FNDA:0,(anonymous_3)
FNDA:0,(anonymous_4)
FNDA:0,(anonymous_5)
DA:5,4
DA:6,0
DA:8,0
DA:9,0
DA:12,0
DA:14,0
DA:15,0
DA:16,0
DA:19,0
DA:21,0
LF:10
LH:1
BRF:0
BRH:0
end_of_record
TN:
SF:client/src/components/RatingsAndReviews/AddReview.jsx
FN:55,(anonymous_0)
FN:61,(anonymous_1)
FN:65,(anonymous_2)
FN:82,(anonymous_3)
FNF:4
FNH:2
FNDA:11,(anonymous_0)
FNDA:1,(anonymous_1)
FNDA:0,(anonymous_2)
FNDA:0,(anonymous_3)
DA:8,1
DA:14,1
DA:33,1
DA:42,1
DA:46,1
DA:55,1
DA:56,11
DA:57,11
DA:59,11
DA:61,1
DA:65,0
DA:82,0
LF:12
LH:10
BRF:0
BRH:0
end_of_record
TN:
SF:client/src/components/RatingsAndReviews/IconStar.jsx
FN:17,IconStar
FNF:1
FNH:1
FNDA:50,IconStar
DA:4,1
DA:6,1
DA:11,1
DA:18,50
LF:4
LH:4
BRF:0
BRH:0
end_of_record
TN:
SF:client/src/components/RatingsAndReviews/RatingsAndReviews.jsx
FN:28,RatingsAndReviews
FN:32,(anonymous_1)
FN:33,(anonymous_2)
FN:40,(anonymous_3)
FN:43,(anonymous_4)
FNF:5
FNH:3
FNDA:5,RatingsAndReviews
FNDA:5,(anonymous_1)
FNDA:5,(anonymous_2)
FNDA:0,(anonymous_3)
FNDA:0,(anonymous_4)
DA:10,1
DA:16,1
DA:20,1
DA:30,5
DA:32,5
DA:33,5
DA:34,5
DA:41,0
DA:42,0
DA:43,0
DA:44,0
DA:46,0
DA:47,0
DA:50,5
DA:53,5
LF:15
LH:9
BRF:0
BRH:0
end_of_record
TN:
SF:client/src/components/RatingsAndReviews/Reviews.jsx
FN:20,(anonymous_0)
FN:28,(anonymous_1)
FNF:2
FNH:1
FNDA:10,(anonymous_0)
FNDA:0,(anonymous_1)
DA:7,1
DA:14,1
DA:20,1
DA:21,10
DA:22,5
DA:25,5
DA:29,0
LF:7
LH:6
BRDA:21,0,0,5
BRDA:21,0,1,5
BRF:2
BRH:2
end_of_record
TN:
SF:client/src/components/RatingsAndReviews/ReviewsList.jsx
FN:16,(anonymous_0)
FN:24,(anonymous_1)
FN:30,(anonymous_2)
FN:35,(anonymous_3)
FN:41,(anonymous_4)
FNF:5
FNH:2
FNDA:10,(anonymous_0)
FNDA:5,(anonymous_1)
FNDA:0,(anonymous_2)
FNDA:0,(anonymous_3)
FNDA:0,(anonymous_4)
DA:10,1
DA:16,1
DA:17,10
DA:18,10
DA:19,10
DA:20,10
DA:21,10
DA:22,10
DA:24,10
DA:25,5
DA:26,5
DA:31,0
DA:32,0
DA:33,0
DA:36,0
DA:41,10
DA:42,0
DA:51,10
DA:52,10
DA:53,10
DA:55,10
LF:21
LH:16
BRF:0
BRH:0
end_of_record
TN:
SF:client/src/components/RatingsAndReviews/StarRating.jsx
FN:23,(anonymous_0)
FN:27,StarRating
FNF:2
FNH:2
FNDA:5,(anonymous_0)
FNDA:5,StarRating
DA:5,1
DA:7,1
DA:12,1
DA:18,1
DA:23,5
DA:28,5
DA:31,5
DA:32,0
DA:35,5
LF:9
LH:8
BRDA:31,0,0,0
BRDA:31,0,1,5
BRF:2
BRH:1
end_of_record
TN:
SF:client/src/components/RelatedProducts/ProductCard.jsx
FN:3,(anonymous_0)
FNF:1
FNH:1
FNDA:5,(anonymous_0)
DA:3,1
DA:4,5
LF:2
LH:2
BRF:0
BRH:0
end_of_record
TN:
SF:client/src/components/RelatedProducts/RelatedProducts.jsx
FN:6,(anonymous_0)
FN:12,(anonymous_1)
FN:14,(anonymous_2)
FN:17,(anonymous_3)
FN:22,(anonymous_4)
FN:24,(anonymous_5)
FN:27,(anonymous_6)
FN:32,(anonymous_7)
FN:33,(anonymous_8)
FNF:9
FNH:3
FNDA:5,(anonymous_0)
FNDA:5,(anonymous_1)
FNDA:0,(anonymous_2)
FNDA:0,(anonymous_3)
FNDA:0,(anonymous_4)
FNDA:0,(anonymous_5)
FNDA:0,(anonymous_6)
FNDA:5,(anonymous_7)
FNDA:0,(anonymous_8)
DA:6,1
DA:8,5
DA:9,5
DA:12,5
DA:13,5
DA:15,0
DA:18,0
DA:22,5
DA:23,0
DA:25,0
DA:28,0
DA:32,5
DA:33,5
DA:34,0
DA:38,5
LF:15
LH:9
BRF:0
BRH:0
end_of_record
TN:
SF:client/src/components/productDetail/ProductDetail.jsx
FN:37,ProductDetail
FNF:1
FNH:1
FNDA:5,ProductDetail
DA:8,1
DA:19,1
DA:28,1
DA:38,5
DA:51,1
LF:5
LH:5
BRF:0
BRH:0
end_of_record
TN:
SF:client/src/components/productDetail/Down/ProductDescription.jsx
FN:13,ProductDescription
FN:18,(anonymous_1)
FN:21,(anonymous_2)
FN:25,(anonymous_3)
FNF:4
FNH:2
FNDA:10,ProductDescription
FNDA:5,(anonymous_1)
FNDA:0,(anonymous_2)
FNDA:0,(anonymous_3)
DA:7,1
DA:15,10
DA:16,10
DA:18,10
DA:19,5
DA:20,5
DA:22,0
DA:23,0
DA:26,0
DA:31,10
DA:32,5
DA:35,10
LF:12
LH:9
BRDA:31,0,0,5
BRDA:31,0,1,5
BRF:2
BRH:2
end_of_record
TN:
SF:client/src/components/productDetail/Top/ImageSlider/Slider.jsx
FN:41,Slider
FN:49,(anonymous_1)
FN:52,(anonymous_2)
FN:56,(anonymous_3)
FN:61,(anonymous_4)
FN:69,(anonymous_5)
FN:80,(anonymous_6)
FN:83,(anonymous_7)
FNF:8
FNH:2
FNDA:10,Slider
FNDA:5,(anonymous_1)
FNDA:0,(anonymous_2)
FNDA:0,(anonymous_3)
FNDA:0,(anonymous_4)
FNDA:0,(anonymous_5)
FNDA:0,(anonymous_6)
FNDA:0,(anonymous_7)
DA:9,1
DA:20,1
DA:31,1
DA:45,10
DA:46,10
DA:47,10
DA:49,10
DA:50,5
DA:51,5
DA:53,0
DA:54,0
DA:57,0
DA:61,10
DA:62,0
DA:63,0
DA:65,0
DA:69,10
DA:70,0
DA:71,0
DA:73,0
DA:77,10
DA:81,0
DA:82,0
DA:83,0
DA:84,0
DA:101,1
LF:26
LH:13
BRDA:62,0,0,0
BRDA:62,0,1,0
BRDA:70,1,0,0
BRDA:70,1,1,0
BRDA:82,2,0,0
BRDA:82,2,1,0
BRF:6
BRH:0
end_of_record
TN:
SF:client/src/components/productDetail/Top/ImageSlider/SliderContent.jsx
FN:17,SliderContent
FNF:1
FNH:0
FNDA:0,SliderContent
DA:6,1
DA:18,0
DA:23,1
LF:3
LH:2
BRF:0
BRH:0
end_of_record
TN:
SF:client/src/components/productDetail/Top/ImageSlider/Thumbnails.jsx
FN:34,Thumbnails
FNF:1
FNH:0
FNDA:0,Thumbnails
DA:5,1
DA:14,1
DA:18,1
DA:22,1
DA:26,1
DA:30,1
DA:35,0
DA:46,1
LF:8
LH:7
BRF:0
BRH:0
end_of_record
TN:
SF:client/src/components/productDetail/Top/ProductOverview/ProductInfo.jsx
FN:34,ProductInformation
FN:40,(anonymous_1)
FN:43,(anonymous_2)
FN:49,(anonymous_3)
FNF:4
FNH:2
FNDA:10,ProductInformation
FNDA:5,(anonymous_1)
FNDA:0,(anonymous_2)
FNDA:0,(anonymous_3)
DA:8,1
DA:18,1
DA:24,1
DA:30,1
DA:35,10
DA:36,10
DA:37,10
DA:38,10
DA:40,10
DA:41,5
DA:42,5
DA:44,0
DA:45,0
DA:46,0
DA:47,0
DA:50,0
DA:55,10
DA:56,5
DA:60,10
DA:72,1
LF:20
LH:15
BRDA:55,0,0,5
BRDA:55,0,1,5
BRF:2
BRH:2
end_of_record
TN:
SF:client/src/components/productDetail/Top/ProductOverview/ProductOverview.jsx
FN:18,ProductOverview
FNF:1
FNH:1
FNDA:5,ProductOverview
DA:8,1
DA:19,5
DA:28,1
LF:3
LH:3
BRF:0
BRH:0
end_of_record
TN:
SF:client/src/components/productDetail/Top/ProductOverview/Selector.jsx
FN:38,Selector
FNF:1
FNH:1
FNDA:5,Selector
DA:5,1
DA:15,1
DA:39,5
LF:3
LH:3
BRF:0
BRH:0
end_of_record
TN:
SF:client/src/components/productDetail/Top/ProductOverview/Styles.jsx
FN:41,Styles
FNF:1
FNH:1
FNDA:5,Styles
DA:6,1
DA:14,1
DA:21,1
DA:29,1
DA:35,1
DA:42,5
LF:6
LH:6
BRF:0
BRH:0
end_of_record
TN:
SF:client/src/components/questions/AddAnswer.jsx
FN:12,(anonymous_0)
FN:21,(anonymous_1)
FN:24,(anonymous_2)
FN:28,(anonymous_3)
FN:32,(anonymous_4)
FN:33,(anonymous_5)
FNF:6
FNH:2
FNDA:8,(anonymous_0)
FNDA:8,(anonymous_1)
FNDA:0,(anonymous_2)
FNDA:0,(anonymous_3)
FNDA:0,(anonymous_4)
FNDA:0,(anonymous_5)
DA:11,1
DA:13,8
DA:14,8
DA:21,1
DA:24,8
DA:25,0
DA:26,0
DA:27,0
DA:29,0
DA:30,0
DA:32,0
DA:33,0
DA:36,8
DA:62,1
LF:14
LH:7
BRDA:13,0,0,8
BRDA:13,0,1,0
BRF:2
BRH:1
end_of_record
TN:
SF:client/src/components/questions/AddQuestion.jsx
FN:12,(anonymous_0)
FN:21,(anonymous_1)
FN:24,(anonymous_2)
FN:28,(anonymous_3)
FN:32,(anonymous_4)
FN:33,(anonymous_5)
FNF:6
FNH:2
FNDA:18,(anonymous_0)
FNDA:18,(anonymous_1)
FNDA:0,(anonymous_2)
FNDA:0,(anonymous_3)
FNDA:0,(anonymous_4)
FNDA:0,(anonymous_5)
DA:11,1
DA:13,18
DA:14,18
DA:21,1
DA:24,18
DA:25,0
DA:26,0
DA:27,0
DA:29,0
DA:30,0
DA:32,0
DA:33,0
DA:36,18
DA:62,1
LF:14
LH:7
BRDA:13,0,0,18
BRDA:13,0,1,0
BRF:2
BRH:1
end_of_record
TN:
SF:client/src/components/questions/Answer.jsx
FN:7,(anonymous_0)
FNF:1
FNH:1
FNDA:8,(anonymous_0)
DA:7,1
DA:9,8
DA:16,1
LF:3
LH:3
BRF:0
BRH:0
end_of_record
TN:
SF:client/src/components/questions/Question.jsx
FN:11,(anonymous_0)
FN:28,(anonymous_1)
FN:38,(anonymous_2)
FN:49,(anonymous_3)
FN:63,(anonymous_4)
FN:67,(anonymous_5)
FN:71,(anonymous_6)
FN:75,(anonymous_7)
FN:78,(anonymous_8)
FN:79,(anonymous_9)
FN:80,(anonymous_10)
FN:86,(anonymous_11)
FN:89,(anonymous_12)
FN:90,(anonymous_13)
FN:91,(anonymous_14)
FN:95,(anonymous_15)
FN:116,(anonymous_16)
FN:122,(anonymous_17)
FN:128,(anonymous_18)
FNF:19
FNH:6
FNDA:16,(anonymous_0)
FNDA:8,(anonymous_1)
FNDA:8,(anonymous_2)
FNDA:8,(anonymous_3)
FNDA:0,(anonymous_4)
FNDA:0,(anonymous_5)
FNDA:0,(anonymous_6)
FNDA:0,(anonymous_7)
FNDA:0,(anonymous_8)
FNDA:0,(anonymous_9)
FNDA:0,(anonymous_10)
FNDA:0,(anonymous_11)
FNDA:0,(anonymous_12)
FNDA:0,(anonymous_13)
FNDA:0,(anonymous_14)
FNDA:4,(anonymous_15)
FNDA:0,(anonymous_16)
FNDA:0,(anonymous_17)
FNDA:8,(anonymous_18)
DA:10,1
DA:12,16
DA:13,16
DA:19,0
DA:27,1
DA:29,8
DA:30,0
DA:37,1
DA:39,8
DA:40,0
DA:47,1
DA:49,1
DA:52,8
DA:53,8
DA:54,8
DA:55,8
DA:56,8
DA:57,8
DA:58,8
DA:60,8
DA:61,8
DA:63,8
DA:64,0
DA:67,8
DA:68,0
DA:71,8
DA:72,0
DA:75,8
DA:76,0
DA:77,0
DA:78,0
DA:79,0
DA:81,0
DA:86,8
DA:87,0
DA:88,0
DA:89,0
DA:90,0
DA:91,0
DA:95,8
DA:96,4
DA:97,2
DA:98,2
DA:99,2
DA:100,2
DA:102,0
DA:103,0
DA:107,8
DA:116,0
DA:122,0
DA:129,8
DA:144,1
LF:52
LH:32
BRDA:12,0,0,16
BRDA:12,0,1,0
BRDA:29,1,0,0
BRDA:29,1,1,8
BRDA:39,2,0,0
BRDA:39,2,1,8
BRDA:76,3,0,0
BRDA:76,3,1,0
BRDA:87,4,0,0
BRDA:87,4,1,0
BRDA:96,5,0,2
BRDA:96,5,1,2
BRDA:98,6,0,2
BRDA:98,6,1,0
BRF:14
BRH:6
end_of_record
TN:
SF:client/src/components/questions/QuestionList.jsx
FN:13,(anonymous_0)
FN:25,(anonymous_1)
FN:37,(anonymous_2)
FN:40,(anonymous_3)
FN:45,(anonymous_4)
FN:49,(anonymous_5)
FN:52,(anonymous_6)
FN:56,(anonymous_7)
FN:64,(anonymous_8)
FN:71,(anonymous_9)
FN:75,(anonymous_10)
FN:81,(anonymous_11)
FN:84,(anonymous_12)
FN:91,(anonymous_13)
FN:101,(anonymous_14)
FN:124,(anonymous_15)
FNF:16
FNH:8
FNDA:18,(anonymous_0)
FNDA:18,(anonymous_1)
FNDA:5,(anonymous_2)
FNDA:5,(anonymous_3)
FNDA:0,(anonymous_4)
FNDA:0,(anonymous_5)
FNDA:0,(anonymous_6)
FNDA:6,(anonymous_7)
FNDA:13,(anonymous_8)
FNDA:1,(anonymous_9)
FNDA:0,(anonymous_10)
FNDA:0,(anonymous_11)
FNDA:0,(anonymous_12)
FNDA:0,(anonymous_13)
FNDA:0,(anonymous_14)
FNDA:8,(anonymous_15)
DA:11,1
DA:14,18
DA:15,2
DA:19,16
DA:25,1
DA:26,18
DA:27,18
DA:28,18
DA:29,18
DA:30,18
DA:31,18
DA:32,18
DA:33,18
DA:34,18
DA:35,18
DA:37,18
DA:38,5
DA:39,5
DA:41,5
DA:42,5
DA:43,5
DA:46,0
DA:48,5
DA:50,0
DA:52,0
DA:56,18
DA:57,6
DA:58,6
DA:59,0
DA:64,18
DA:65,13
DA:66,2
DA:71,18
DA:72,1
DA:75,18
DA:76,0
DA:77,0
DA:78,0
DA:81,18
DA:82,0
DA:83,0
DA:84,0
DA:85,0
DA:86,0
DA:87,0
DA:89,0
DA:90,0
DA:91,0
DA:92,0
DA:93,0
DA:94,0
DA:98,0
DA:101,18
DA:102,0
DA:106,18
DA:107,11
DA:110,18
DA:111,18
DA:112,6
DA:115,18
DA:125,8
DA:147,1
LF:62
LH:41
BRDA:14,0,0,2
BRDA:14,0,1,16
BRDA:58,1,0,0
BRDA:58,1,1,6
BRDA:58,2,0,6
BRDA:58,2,1,0
BRDA:65,3,0,2
BRDA:65,3,1,11
BRDA:65,4,0,13
BRDA:65,4,1,2
BRDA:85,5,0,0
BRDA:85,5,1,0
BRDA:92,6,0,0
BRDA:92,6,1,0
BRDA:92,7,0,0
BRDA:92,7,1,0
BRDA:106,8,0,11
BRDA:106,8,1,7
BRDA:111,9,0,6
BRDA:111,9,1,12
BRF:20
BRH:12
end_of_record
TN:
SF:client/src/components/questions/Search.jsx
FN:7,(anonymous_0)
FN:19,(anonymous_1)
FN:22,(anonymous_2)
FN:23,(anonymous_3)
FNF:4
FNH:2
FNDA:18,(anonymous_0)
FNDA:18,(anonymous_1)
FNDA:0,(anonymous_2)
FNDA:0,(anonymous_3)
DA:6,1
DA:8,18
DA:9,12
DA:13,6
DA:19,1
DA:21,18
DA:22,0
DA:23,0
DA:28,1
LF:9
LH:7
BRDA:8,0,0,12
BRDA:8,0,1,6
BRF:2
BRH:2
end_of_record
TN:
SF:client/src/css/sharedcss.jsx
FNF:0
FNH:0
DA:7,1
DA:13,1
DA:21,1
DA:29,1
DA:35,1
DA:42,1
DA:49,1
DA:58,1
DA:72,1
DA:80,1
DA:88,1
DA:92,1
DA:102,1
DA:116,1
DA:141,1
DA:152,1
LF:16
LH:16
BRF:0
BRH:0
end_of_record
TN:
SF:client/src/lib/getInfo.js
FN:4,(anonymous_0)
FN:13,(anonymous_1)
FN:15,(anonymous_2)
FN:17,(anonymous_3)
FN:19,(anonymous_4)
FN:29,(anonymous_5)
FN:38,(anonymous_6)
FNF:7
FNH:3
FNDA:10,(anonymous_0)
FNDA:5,(anonymous_1)
FNDA:5,(anonymous_2)
FNDA:0,(anonymous_3)
FNDA:0,(anonymous_4)
FNDA:0,(anonymous_5)
FNDA:0,(anonymous_6)
DA:4,1
DA:5,10
DA:11,1
DA:13,5
DA:15,5
DA:17,0
DA:20,0
DA:26,0
DA:30,0
DA:35,0
DA:39,0
DA:44,0
LF:12
LH:5
BRF:0
BRH:0
end_of_record
TN:
SF:server/sum.js
FN:1,sum
FNF:1
FNH:1
FNDA:1,sum
DA:2,1
DA:4,1
LF:2
LH:2
BRF:0
BRH:0
end_of_record
